<?xml version="1.0" encoding="utf-8"?>
<!DOCTYPE coverage SYSTEM "http://cobertura.sourceforge.net/xml/coverage-04.dtd">
<coverage line-rate="0.8490566037735849" branch-rate="0.6666666666666666" lines-covered="45" lines-valid="53" branches-covered="40" branches-valid="60" complexity="64" version="0" timestamp="1643461050">
  <sources>
    <source>D:\development\personal\MarsRobot\</source>
    <source>C:\</source>
  </sources>
  <packages>
    <package name="MarsRobot" line-rate="0.7666666666666667" branch-rate="0.9166666666666666" complexity="27">
      <classes>
        <class name="MarsRobot.MathHelper" filename="D:\development\personal\MarsRobot\MarsRobot\MathHelper.cs" line-rate="1" branch-rate="1" complexity="1">
          <methods>
            <method name="Mod" signature="(...)" line-rate="1" branch-rate="1" complexity="1">
              <lines>
                <line number="5" hits="21" branch="false" />
              </lines>
            </method>
          </methods>
          <lines>
            <line number="5" hits="21" branch="false" />
          </lines>
        </class>
        <class name="MarsRobot.Robot" filename="D:\development\personal\MarsRobot\MarsRobot\Robot.cs" line-rate="0.9565217391304348" branch-rate="0.9166666666666666" complexity="25">
          <methods>
            <method name="MyPosition" signature="(...)" line-rate="0.95" branch-rate="0.9166666666666666" complexity="24">
              <lines>
                <line number="16" hits="9" branch="false" />
                <line number="18" hits="151" branch="true" condition-coverage="100% (2/2)" />
                <line number="19" hits="62" branch="false" />
                <line number="20" hits="62" branch="true" condition-coverage="100% (6/6)" />
                <line number="24" hits="10" branch="false" />
                <line number="25" hits="10" branch="false" />
                <line number="27" hits="11" branch="false" />
                <line number="28" hits="11" branch="false" />
                <line number="31" hits="41" branch="true" condition-coverage="75% (3/4)" />
                <line number="33" hits="41" branch="true" condition-coverage="100% (4/4)" />
                <line number="35" hits="41" branch="true" condition-coverage="100% (4/4)" />
                <line number="36" hits="30" branch="false" />
                <line number="37" hits="41" branch="true" condition-coverage="75% (3/4)" />
                <line number="38" hits="39" branch="false" />
                <line number="39" hits="41" branch="false" />
                <line number="41" hits="0" branch="false" />
                <line number="43" hits="62" branch="false" />
                <line number="45" hits="9" branch="false" />
                <line number="47" hits="9" branch="false" />
                <line number="48" hits="9" branch="false" />
              </lines>
            </method>
            <method name=".ctor" signature="()" line-rate="1" branch-rate="1" complexity="1">
              <lines>
                <line number="5" hits="9" branch="false" />
                <line number="6" hits="9" branch="false" />
                <line number="7" hits="9" branch="false" />
              </lines>
            </method>
          </methods>
          <lines>
            <line number="5" hits="9" branch="false" />
            <line number="6" hits="9" branch="false" />
            <line number="7" hits="9" branch="false" />
            <line number="16" hits="9" branch="false" />
            <line number="18" hits="151" branch="true" condition-coverage="100% (2/2)" />
            <line number="19" hits="62" branch="false" />
            <line number="20" hits="62" branch="true" condition-coverage="100% (6/6)" />
            <line number="24" hits="10" branch="false" />
            <line number="25" hits="10" branch="false" />
            <line number="27" hits="11" branch="false" />
            <line number="28" hits="11" branch="false" />
            <line number="31" hits="41" branch="true" condition-coverage="75% (3/4)" />
            <line number="33" hits="41" branch="true" condition-coverage="100% (4/4)" />
            <line number="35" hits="41" branch="true" condition-coverage="100% (4/4)" />
            <line number="36" hits="30" branch="false" />
            <line number="37" hits="41" branch="true" condition-coverage="75% (3/4)" />
            <line number="38" hits="39" branch="false" />
            <line number="39" hits="41" branch="false" />
            <line number="41" hits="0" branch="false" />
            <line number="43" hits="62" branch="false" />
            <line number="45" hits="9" branch="false" />
            <line number="47" hits="9" branch="false" />
            <line number="48" hits="9" branch="false" />
          </lines>
        </class>
        <class name="Program" filename="D:\development\personal\MarsRobot\MarsRobot\Program.cs" line-rate="0" branch-rate="1" complexity="1">
          <methods>
            <method name="&lt;Main&gt;$" signature="(...)" line-rate="0" branch-rate="1" complexity="1">
              <lines>
                <line number="5" hits="0" branch="false" />
                <line number="6" hits="0" branch="false" />
                <line number="9" hits="0" branch="false" />
                <line number="10" hits="0" branch="false" />
                <line number="12" hits="0" branch="false" />
                <line number="15" hits="0" branch="false" />
              </lines>
            </method>
          </methods>
          <lines>
            <line number="5" hits="0" branch="false" />
            <line number="6" hits="0" branch="false" />
            <line number="9" hits="0" branch="false" />
            <line number="10" hits="0" branch="false" />
            <line number="12" hits="0" branch="false" />
            <line number="15" hits="0" branch="false" />
          </lines>
        </class>
      </classes>
    </package>
    <package name="MarsRobot.Tests" line-rate="0.9565217391304348" branch-rate="0.5" complexity="37">
      <classes>
        <class name="AutoGeneratedProgram" filename="C:\Users\alexa\.nuget\packages\microsoft.net.test.sdk\16.11.0\build\netcoreapp2.1\Microsoft.NET.Test.Sdk.Program.cs" line-rate="0" branch-rate="1" complexity="1">
          <methods>
            <method name="Main" signature="(...)" line-rate="0" branch-rate="1" complexity="1">
              <lines>
                <line number="4" hits="0" branch="false" />
              </lines>
            </method>
          </methods>
          <lines>
            <line number="4" hits="0" branch="false" />
          </lines>
        </class>
        <class name="MarsRobot.Tests.RobotTest" filename="D:\development\personal\MarsRobot\MarsRobot.Tests\RobotTest.cs" line-rate="1" branch-rate="0.5" complexity="36">
          <methods>
            <method name="TestBounds" signature="()" line-rate="1" branch-rate="0.5" complexity="12">
              <lines>
                <line number="10" hits="1" branch="false" />
                <line number="12" hits="1" branch="false" />
                <line number="14" hits="1" branch="false" />
                <line number="16" hits="1" branch="false" />
                <line number="18" hits="1" branch="true" condition-coverage="50% (2/4)" />
                <line number="19" hits="1" branch="true" condition-coverage="50% (2/4)" />
                <line number="20" hits="1" branch="true" condition-coverage="50% (2/4)" />
                <line number="21" hits="1" branch="false" />
              </lines>
            </method>
            <method name="TestFinalPositions" signature="()" line-rate="1" branch-rate="0.5" complexity="24">
              <lines>
                <line number="25" hits="1" branch="false" />
                <line number="26" hits="1" branch="false" />
                <line number="27" hits="1" branch="true" condition-coverage="50% (2/4)" />
                <line number="29" hits="1" branch="false" />
                <line number="30" hits="1" branch="true" condition-coverage="50% (2/4)" />
                <line number="32" hits="1" branch="false" />
                <line number="33" hits="1" branch="true" condition-coverage="50% (2/4)" />
                <line number="35" hits="1" branch="false" />
                <line number="36" hits="1" branch="true" condition-coverage="50% (2/4)" />
                <line number="38" hits="1" branch="false" />
                <line number="39" hits="1" branch="true" condition-coverage="50% (2/4)" />
                <line number="41" hits="1" branch="false" />
                <line number="42" hits="1" branch="true" condition-coverage="50% (2/4)" />
                <line number="43" hits="1" branch="false" />
              </lines>
            </method>
          </methods>
          <lines>
            <line number="10" hits="1" branch="false" />
            <line number="12" hits="1" branch="false" />
            <line number="14" hits="1" branch="false" />
            <line number="16" hits="1" branch="false" />
            <line number="18" hits="1" branch="true" condition-coverage="50% (2/4)" />
            <line number="19" hits="1" branch="true" condition-coverage="50% (2/4)" />
            <line number="20" hits="1" branch="true" condition-coverage="50% (2/4)" />
            <line number="21" hits="1" branch="false" />
            <line number="25" hits="1" branch="false" />
            <line number="26" hits="1" branch="false" />
            <line number="27" hits="1" branch="true" condition-coverage="50% (2/4)" />
            <line number="29" hits="1" branch="false" />
            <line number="30" hits="1" branch="true" condition-coverage="50% (2/4)" />
            <line number="32" hits="1" branch="false" />
            <line number="33" hits="1" branch="true" condition-coverage="50% (2/4)" />
            <line number="35" hits="1" branch="false" />
            <line number="36" hits="1" branch="true" condition-coverage="50% (2/4)" />
            <line number="38" hits="1" branch="false" />
            <line number="39" hits="1" branch="true" condition-coverage="50% (2/4)" />
            <line number="41" hits="1" branch="false" />
            <line number="42" hits="1" branch="true" condition-coverage="50% (2/4)" />
            <line number="43" hits="1" branch="false" />
          </lines>
        </class>
      </classes>
    </package>
  </packages>
</coverage>