TpTrace Verbose: 0 : 15128, 1, 2022/01/29, 12:57:29.329, 4370195500981, vstest.console.dll, Version: 17.0.0
TpTrace Information: 0 : 15128, 1, 2022/01/29, 12:57:29.335, 4370195556140, vstest.console.dll, FilePatternParser: The given file D:\development\personal\MarsRobot\MarsRobot.Tests\bin\Debug\net6.0\fine-code-coverage\build-output\MarsRobot.Tests.dll is a full path.
TpTrace Verbose: 0 : 15128, 1, 2022/01/29, 12:57:29.339, 4370195592147, vstest.console.dll, TestPluginCache.DiscoverTestExtensions: finding test extensions in assemblies ends with: RuntimeProvider.dll TPluginInfo: Microsoft.VisualStudio.TestPlatform.Common.ExtensionFramework.Utilities.TestRuntimePluginInformation TExtension: Microsoft.VisualStudio.TestPlatform.ObjectModel.Host.ITestRuntimeProvider
TpTrace Verbose: 0 : 15128, 1, 2022/01/29, 12:57:29.339, 4370195597508, vstest.console.dll, TestPluginCache.GetExtensionPaths: Filtered extension paths: 
TpTrace Verbose: 0 : 15128, 1, 2022/01/29, 12:57:29.339, 4370195598095, vstest.console.dll, TestPluginCache.GetExtensionPaths: Added default extension paths: C:\Program Files\dotnet\sdk\6.0.101\Extensions\Microsoft.Diagnostics.NETCore.Client.dll
C:\Program Files\dotnet\sdk\6.0.101\Extensions\Microsoft.TestPlatform.Extensions.BlameDataCollector.dll
C:\Program Files\dotnet\sdk\6.0.101\Extensions\Microsoft.TestPlatform.Extensions.EventLogCollector.dll
C:\Program Files\dotnet\sdk\6.0.101\Extensions\Microsoft.TestPlatform.TestHostRuntimeProvider.dll
C:\Program Files\dotnet\sdk\6.0.101\Extensions\Microsoft.VisualStudio.TestPlatform.Extensions.Html.TestLogger.dll
C:\Program Files\dotnet\sdk\6.0.101\Extensions\Microsoft.VisualStudio.TestPlatform.Extensions.Trx.TestLogger.dll
TpTrace Verbose: 0 : 15128, 1, 2022/01/29, 12:57:29.339, 4370195598313, vstest.console.dll, TestPluginCache.GetExtensionPaths: Added unfilterableExtensionPaths: 
TpTrace Information: 0 : 15128, 1, 2022/01/29, 12:57:29.340, 4370195603505, vstest.console.dll, AssemblyResolver.ctor: Creating AssemblyResolver with searchDirectories C:\Program Files\dotnet\sdk\6.0.101\Extensions,C:\Program Files\dotnet\sdk\6.0.101
TpTrace Verbose: 0 : 15128, 1, 2022/01/29, 12:57:29.340, 4370195608633, vstest.console.dll, TestPluginCache.DiscoverTestExtensions: Discovering the extensions using extension path.
TpTrace Verbose: 0 : 15128, 1, 2022/01/29, 12:57:29.341, 4370195609361, vstest.console.dll, TestPluginCache.GetExtensionPaths: Filtered extension paths: 
TpTrace Verbose: 0 : 15128, 1, 2022/01/29, 12:57:29.341, 4370195609567, vstest.console.dll, TestPluginCache.GetExtensionPaths: Added default extension paths: C:\Program Files\dotnet\sdk\6.0.101\Extensions\Microsoft.Diagnostics.NETCore.Client.dll
C:\Program Files\dotnet\sdk\6.0.101\Extensions\Microsoft.TestPlatform.Extensions.BlameDataCollector.dll
C:\Program Files\dotnet\sdk\6.0.101\Extensions\Microsoft.TestPlatform.Extensions.EventLogCollector.dll
C:\Program Files\dotnet\sdk\6.0.101\Extensions\Microsoft.TestPlatform.TestHostRuntimeProvider.dll
C:\Program Files\dotnet\sdk\6.0.101\Extensions\Microsoft.VisualStudio.TestPlatform.Extensions.Html.TestLogger.dll
C:\Program Files\dotnet\sdk\6.0.101\Extensions\Microsoft.VisualStudio.TestPlatform.Extensions.Trx.TestLogger.dll
TpTrace Verbose: 0 : 15128, 1, 2022/01/29, 12:57:29.341, 4370195609730, vstest.console.dll, TestPluginCache.GetExtensionPaths: Added unfilterableExtensionPaths: 
TpTrace Verbose: 0 : 15128, 1, 2022/01/29, 12:57:29.341, 4370195610075, vstest.console.dll, TestPluginCache.DiscoverTestExtensions: Discovering the extensions using allExtensionPaths: C:\Program Files\dotnet\sdk\6.0.101\Extensions\Microsoft.Diagnostics.NETCore.Client.dll
C:\Program Files\dotnet\sdk\6.0.101\Extensions\Microsoft.TestPlatform.Extensions.BlameDataCollector.dll
C:\Program Files\dotnet\sdk\6.0.101\Extensions\Microsoft.TestPlatform.Extensions.EventLogCollector.dll
C:\Program Files\dotnet\sdk\6.0.101\Extensions\Microsoft.TestPlatform.TestHostRuntimeProvider.dll
C:\Program Files\dotnet\sdk\6.0.101\Extensions\Microsoft.VisualStudio.TestPlatform.Extensions.Html.TestLogger.dll
C:\Program Files\dotnet\sdk\6.0.101\Extensions\Microsoft.VisualStudio.TestPlatform.Extensions.Trx.TestLogger.dll
TpTrace Information: 0 : 15128, 1, 2022/01/29, 12:57:29.341, 4370195610982, vstest.console.dll, AssemblyResolver.AddSearchDirectories: Adding more searchDirectories C:\Program Files\dotnet\sdk\6.0.101\Extensions,C:\Program Files\dotnet\sdk\6.0.101
TpTrace Information: 0 : 15128, 1, 2022/01/29, 12:57:29.341, 4370195611282, vstest.console.dll, AssemblyResolver.AddSearchDirectories: Adding more searchDirectories C:\Program Files\dotnet\sdk\6.0.101\Extensions,C:\Program Files\dotnet\sdk\6.0.101
TpTrace Information: 0 : 15128, 1, 2022/01/29, 12:57:29.341, 4370195611449, vstest.console.dll, AssemblyResolver.AddSearchDirectories: Adding more searchDirectories C:\Program Files\dotnet\sdk\6.0.101\Extensions,C:\Program Files\dotnet\sdk\6.0.101
TpTrace Information: 0 : 15128, 1, 2022/01/29, 12:57:29.341, 4370195611598, vstest.console.dll, AssemblyResolver.AddSearchDirectories: Adding more searchDirectories C:\Program Files\dotnet\sdk\6.0.101\Extensions,C:\Program Files\dotnet\sdk\6.0.101
TpTrace Information: 0 : 15128, 1, 2022/01/29, 12:57:29.341, 4370195611779, vstest.console.dll, AssemblyResolver.AddSearchDirectories: Adding more searchDirectories C:\Program Files\dotnet\sdk\6.0.101\Extensions,C:\Program Files\dotnet\sdk\6.0.101
TpTrace Information: 0 : 15128, 1, 2022/01/29, 12:57:29.341, 4370195611941, vstest.console.dll, AssemblyResolver.AddSearchDirectories: Adding more searchDirectories C:\Program Files\dotnet\sdk\6.0.101\Extensions,C:\Program Files\dotnet\sdk\6.0.101
TpTrace Information: 0 : 15128, 1, 2022/01/29, 12:57:29.341, 4370195615149, vstest.console.dll, AssemblyResolver.OnResolve: Microsoft.Diagnostics.NETCore.Client: Resolving assembly.
TpTrace Information: 0 : 15128, 1, 2022/01/29, 12:57:29.341, 4370195616096, vstest.console.dll, AssemblyResolver.OnResolve: Microsoft.Diagnostics.NETCore.Client: Searching in: 'C:\Program Files\dotnet\sdk\6.0.101\Extensions'.
TpTrace Information: 0 : 15128, 1, 2022/01/29, 12:57:29.342, 4370195619864, vstest.console.dll, AssemblyResolver.OnResolve: Microsoft.Diagnostics.NETCore.Client: Loading assembly 'C:\Program Files\dotnet\sdk\6.0.101\Extensions\Microsoft.Diagnostics.NETCore.Client.dll'.
TpTrace Information: 0 : 15128, 1, 2022/01/29, 12:57:29.342, 4370195623170, vstest.console.dll, AssemblyResolver.OnResolve: Resolved assembly: Microsoft.Diagnostics.NETCore.Client, from path: C:\Program Files\dotnet\sdk\6.0.101\Extensions\Microsoft.Diagnostics.NETCore.Client.dll
TpTrace Information: 0 : 15128, 1, 2022/01/29, 12:57:29.346, 4370195660807, vstest.console.dll, AssemblyResolver.OnResolve: Microsoft.Bcl.AsyncInterfaces: Resolving assembly.
TpTrace Information: 0 : 15128, 1, 2022/01/29, 12:57:29.346, 4370195661321, vstest.console.dll, AssemblyResolver.OnResolve: Microsoft.Bcl.AsyncInterfaces: Searching in: 'C:\Program Files\dotnet\sdk\6.0.101\Extensions'.
TpTrace Information: 0 : 15128, 1, 2022/01/29, 12:57:29.346, 4370195661802, vstest.console.dll, AssemblyResolver.OnResolve: Microsoft.Bcl.AsyncInterfaces: Assembly path does not exist: 'C:\Program Files\dotnet\sdk\6.0.101\Extensions\Microsoft.Bcl.AsyncInterfaces.dll', returning.
TpTrace Information: 0 : 15128, 1, 2022/01/29, 12:57:29.346, 4370195662077, vstest.console.dll, AssemblyResolver.OnResolve: Microsoft.Bcl.AsyncInterfaces: Assembly path does not exist: 'C:\Program Files\dotnet\sdk\6.0.101\Extensions\Microsoft.Bcl.AsyncInterfaces.exe', returning.
TpTrace Information: 0 : 15128, 1, 2022/01/29, 12:57:29.346, 4370195662228, vstest.console.dll, AssemblyResolver.OnResolve: Microsoft.Bcl.AsyncInterfaces: Searching in: 'C:\Program Files\dotnet\sdk\6.0.101'.
TpTrace Information: 0 : 15128, 1, 2022/01/29, 12:57:29.346, 4370195662534, vstest.console.dll, AssemblyResolver.OnResolve: Microsoft.Bcl.AsyncInterfaces: Assembly path does not exist: 'C:\Program Files\dotnet\sdk\6.0.101\Microsoft.Bcl.AsyncInterfaces.dll', returning.
TpTrace Information: 0 : 15128, 1, 2022/01/29, 12:57:29.346, 4370195662845, vstest.console.dll, AssemblyResolver.OnResolve: Microsoft.Bcl.AsyncInterfaces: Assembly path does not exist: 'C:\Program Files\dotnet\sdk\6.0.101\Microsoft.Bcl.AsyncInterfaces.exe', returning.
TpTrace Information: 0 : 15128, 1, 2022/01/29, 12:57:29.346, 4370195663351, vstest.console.dll, AssemblyResolver.OnResolve: Microsoft.Bcl.AsyncInterfaces: Failed to load assembly.
TpTrace Verbose: 0 : 15128, 1, 2022/01/29, 12:57:29.346, 4370195663604, vstest.console.dll, CurrentDomainAssemblyResolve: Resolving assembly 'Microsoft.Bcl.AsyncInterfaces'.
TpTrace Information: 0 : 15128, 1, 2022/01/29, 12:57:29.346, 4370195664571, vstest.console.dll, AssemblyResolver.OnResolve: Microsoft.Bcl.AsyncInterfaces: Resolving assembly.
TpTrace Information: 0 : 15128, 1, 2022/01/29, 12:57:29.346, 4370195664912, vstest.console.dll, AssemblyResolver.OnResolve: Microsoft.Bcl.AsyncInterfaces: Resolved from cache.
TpTrace Verbose: 0 : 15128, 1, 2022/01/29, 12:57:29.346, 4370195665101, vstest.console.dll, CurrentDomainAssemblyResolve: Resolving assembly 'Microsoft.Bcl.AsyncInterfaces'.
TpTrace Verbose: 0 : 15128, 1, 2022/01/29, 12:57:29.346, 4370195665308, vstest.console.dll, CurrentDomainAssemblyResolve: Failed to resolve assembly 'Microsoft.Bcl.AsyncInterfaces'.
TpTrace Verbose: 0 : 15128, 1, 2022/01/29, 12:57:29.346, 4370195668002, vstest.console.dll, CurrentDomainAssemblyResolve: Failed to resolve assembly 'Microsoft.Bcl.AsyncInterfaces'.
TpTrace Warning: 0 : 15128, 1, 2022/01/29, 12:57:29.356, 4370195760168, vstest.console.dll, TestPluginDiscoverer: Failed to get types from assembly 'Microsoft.Diagnostics.NETCore.Client, Version=0.2.4.21401, Culture=neutral, PublicKeyToken=31bf3856ad364e35'.  Skipping test extension scan for this assembly.  Error: System.Reflection.ReflectionTypeLoadException: Unable to load one or more of the requested types.
Could not load file or assembly 'Microsoft.Bcl.AsyncInterfaces, Version=1.0.0.0, Culture=neutral, PublicKeyToken=cc7b13ffcd2ddd51'. O sistema não pode encontrar o arquivo especificado.
   at System.Reflection.RuntimeModule.GetTypes(RuntimeModule module)
   at System.Reflection.Assembly.GetTypes()
   at Microsoft.VisualStudio.TestPlatform.Common.ExtensionFramework.TestPluginDiscoverer.GetTestExtensionsFromAssembly[TPluginInfo,TExtension](Assembly assembly, Dictionary`2 pluginInfos)
System.IO.FileNotFoundException: Could not load file or assembly 'Microsoft.Bcl.AsyncInterfaces, Version=1.0.0.0, Culture=neutral, PublicKeyToken=cc7b13ffcd2ddd51'. O sistema não pode encontrar o arquivo especificado.
File name: 'Microsoft.Bcl.AsyncInterfaces, Version=1.0.0.0, Culture=neutral, PublicKeyToken=cc7b13ffcd2ddd51'
 ---> System.IO.FileNotFoundException: Could not load file or assembly 'Microsoft.Bcl.AsyncInterfaces, Culture=neutral, PublicKeyToken=null'. O sistema não pode encontrar o arquivo especificado.
File name: 'Microsoft.Bcl.AsyncInterfaces, Culture=neutral, PublicKeyToken=null'
   at System.Reflection.RuntimeAssembly.InternalLoad(ObjectHandleOnStack assemblyName, ObjectHandleOnStack requestingAssembly, StackCrawlMarkHandle stackMark, Boolean throwOnFileNotFound, ObjectHandleOnStack assemblyLoadContext, ObjectHandleOnStack retAssembly)
   at System.Reflection.RuntimeAssembly.InternalLoad(AssemblyName assemblyName, RuntimeAssembly requestingAssembly, StackCrawlMark& stackMark, Boolean throwOnFileNotFound, AssemblyLoadContext assemblyLoadContext)
   at System.Reflection.Assembly.Load(AssemblyName assemblyRef)
   at Microsoft.VisualStudio.TestPlatform.Common.ExtensionFramework.TestPluginCache.CurrentDomainAssemblyResolve(Object sender, AssemblyResolveEventArgs args)
   at Microsoft.VisualStudio.TestPlatform.PlatformAbstractions.PlatformAssemblyResolver.AssemblyResolverEvent(Object sender, Object eventArgs)
   at System.Runtime.Loader.AssemblyLoadContext.GetFirstResolvedAssemblyFromResolvingEvent(AssemblyName assemblyName)
   at System.Runtime.Loader.AssemblyLoadContext.ResolveUsingEvent(AssemblyName assemblyName)
   at System.Runtime.Loader.AssemblyLoadContext.ResolveUsingResolvingEvent(IntPtr gchManagedAssemblyLoadContext, AssemblyName assemblyName)
TpTrace Warning: 0 : 15128, 1, 2022/01/29, 12:57:29.356, 4370195761656, vstest.console.dll, LoaderExceptions: System.IO.FileNotFoundException: Could not load file or assembly 'Microsoft.Bcl.AsyncInterfaces, Version=1.0.0.0, Culture=neutral, PublicKeyToken=cc7b13ffcd2ddd51'. O sistema não pode encontrar o arquivo especificado.
File name: 'Microsoft.Bcl.AsyncInterfaces, Version=1.0.0.0, Culture=neutral, PublicKeyToken=cc7b13ffcd2ddd51'
 ---> System.IO.FileNotFoundException: Could not load file or assembly 'Microsoft.Bcl.AsyncInterfaces, Culture=neutral, PublicKeyToken=null'. O sistema não pode encontrar o arquivo especificado.
File name: 'Microsoft.Bcl.AsyncInterfaces, Culture=neutral, PublicKeyToken=null'
   at System.Reflection.RuntimeAssembly.InternalLoad(ObjectHandleOnStack assemblyName, ObjectHandleOnStack requestingAssembly, StackCrawlMarkHandle stackMark, Boolean throwOnFileNotFound, ObjectHandleOnStack assemblyLoadContext, ObjectHandleOnStack retAssembly)
   at System.Reflection.RuntimeAssembly.InternalLoad(AssemblyName assemblyName, RuntimeAssembly requestingAssembly, StackCrawlMark& stackMark, Boolean throwOnFileNotFound, AssemblyLoadContext assemblyLoadContext)
   at System.Reflection.Assembly.Load(AssemblyName assemblyRef)
   at Microsoft.VisualStudio.TestPlatform.Common.ExtensionFramework.TestPluginCache.CurrentDomainAssemblyResolve(Object sender, AssemblyResolveEventArgs args)
   at Microsoft.VisualStudio.TestPlatform.PlatformAbstractions.PlatformAssemblyResolver.AssemblyResolverEvent(Object sender, Object eventArgs)
   at System.Runtime.Loader.AssemblyLoadContext.GetFirstResolvedAssemblyFromResolvingEvent(AssemblyName assemblyName)
   at System.Runtime.Loader.AssemblyLoadContext.ResolveUsingEvent(AssemblyName assemblyName)
   at System.Runtime.Loader.AssemblyLoadContext.ResolveUsingResolvingEvent(IntPtr gchManagedAssemblyLoadContext, AssemblyName assemblyName)
TpTrace Information: 0 : 15128, 1, 2022/01/29, 12:57:29.356, 4370195762273, vstest.console.dll, AssemblyResolver.OnResolve: Microsoft.TestPlatform.Extensions.BlameDataCollector: Resolving assembly.
TpTrace Information: 0 : 15128, 1, 2022/01/29, 12:57:29.356, 4370195762484, vstest.console.dll, AssemblyResolver.OnResolve: Microsoft.TestPlatform.Extensions.BlameDataCollector: Searching in: 'C:\Program Files\dotnet\sdk\6.0.101\Extensions'.
TpTrace Information: 0 : 15128, 1, 2022/01/29, 12:57:29.356, 4370195764891, vstest.console.dll, AssemblyResolver.OnResolve: Microsoft.TestPlatform.Extensions.BlameDataCollector: Loading assembly 'C:\Program Files\dotnet\sdk\6.0.101\Extensions\Microsoft.TestPlatform.Extensions.BlameDataCollector.dll'.
TpTrace Information: 0 : 15128, 1, 2022/01/29, 12:57:29.356, 4370195768062, vstest.console.dll, AssemblyResolver.OnResolve: Resolved assembly: Microsoft.TestPlatform.Extensions.BlameDataCollector, from path: C:\Program Files\dotnet\sdk\6.0.101\Extensions\Microsoft.TestPlatform.Extensions.BlameDataCollector.dll
TpTrace Information: 0 : 15128, 1, 2022/01/29, 12:57:29.357, 4370195772009, vstest.console.dll, AssemblyResolver.OnResolve: Microsoft.TestPlatform.Extensions.EventLogCollector: Resolving assembly.
TpTrace Information: 0 : 15128, 1, 2022/01/29, 12:57:29.357, 4370195772339, vstest.console.dll, AssemblyResolver.OnResolve: Microsoft.TestPlatform.Extensions.EventLogCollector: Searching in: 'C:\Program Files\dotnet\sdk\6.0.101\Extensions'.
TpTrace Information: 0 : 15128, 1, 2022/01/29, 12:57:29.357, 4370195774831, vstest.console.dll, AssemblyResolver.OnResolve: Microsoft.TestPlatform.Extensions.EventLogCollector: Loading assembly 'C:\Program Files\dotnet\sdk\6.0.101\Extensions\Microsoft.TestPlatform.Extensions.EventLogCollector.dll'.
TpTrace Information: 0 : 15128, 1, 2022/01/29, 12:57:29.357, 4370195777291, vstest.console.dll, AssemblyResolver.OnResolve: Resolved assembly: Microsoft.TestPlatform.Extensions.EventLogCollector, from path: C:\Program Files\dotnet\sdk\6.0.101\Extensions\Microsoft.TestPlatform.Extensions.EventLogCollector.dll
TpTrace Information: 0 : 15128, 1, 2022/01/29, 12:57:29.359, 4370195789247, vstest.console.dll, AssemblyResolver.OnResolve: Microsoft.TestPlatform.TestHostRuntimeProvider: Resolving assembly.
TpTrace Information: 0 : 15128, 1, 2022/01/29, 12:57:29.359, 4370195790254, vstest.console.dll, AssemblyResolver.OnResolve: Microsoft.TestPlatform.TestHostRuntimeProvider: Searching in: 'C:\Program Files\dotnet\sdk\6.0.101\Extensions'.
TpTrace Information: 0 : 15128, 1, 2022/01/29, 12:57:29.359, 4370195792627, vstest.console.dll, AssemblyResolver.OnResolve: Microsoft.TestPlatform.TestHostRuntimeProvider: Loading assembly 'C:\Program Files\dotnet\sdk\6.0.101\Extensions\Microsoft.TestPlatform.TestHostRuntimeProvider.dll'.
TpTrace Information: 0 : 15128, 1, 2022/01/29, 12:57:29.359, 4370195795595, vstest.console.dll, AssemblyResolver.OnResolve: Resolved assembly: Microsoft.TestPlatform.TestHostRuntimeProvider, from path: C:\Program Files\dotnet\sdk\6.0.101\Extensions\Microsoft.TestPlatform.TestHostRuntimeProvider.dll
TpTrace Information: 0 : 15128, 1, 2022/01/29, 12:57:29.360, 4370195803436, vstest.console.dll, AssemblyResolver.OnResolve: Microsoft.VisualStudio.TestPlatform.Extensions.Html.TestLogger: Resolving assembly.
TpTrace Information: 0 : 15128, 1, 2022/01/29, 12:57:29.360, 4370195803775, vstest.console.dll, AssemblyResolver.OnResolve: Microsoft.VisualStudio.TestPlatform.Extensions.Html.TestLogger: Searching in: 'C:\Program Files\dotnet\sdk\6.0.101\Extensions'.
TpTrace Information: 0 : 15128, 1, 2022/01/29, 12:57:29.360, 4370195805946, vstest.console.dll, AssemblyResolver.OnResolve: Microsoft.VisualStudio.TestPlatform.Extensions.Html.TestLogger: Loading assembly 'C:\Program Files\dotnet\sdk\6.0.101\Extensions\Microsoft.VisualStudio.TestPlatform.Extensions.Html.TestLogger.dll'.
TpTrace Information: 0 : 15128, 1, 2022/01/29, 12:57:29.360, 4370195808516, vstest.console.dll, AssemblyResolver.OnResolve: Resolved assembly: Microsoft.VisualStudio.TestPlatform.Extensions.Html.TestLogger, from path: C:\Program Files\dotnet\sdk\6.0.101\Extensions\Microsoft.VisualStudio.TestPlatform.Extensions.Html.TestLogger.dll
TpTrace Information: 0 : 15128, 1, 2022/01/29, 12:57:29.361, 4370195810259, vstest.console.dll, AssemblyResolver.OnResolve: Microsoft.VisualStudio.TestPlatform.Extensions.Trx.TestLogger: Resolving assembly.
TpTrace Information: 0 : 15128, 1, 2022/01/29, 12:57:29.361, 4370195810585, vstest.console.dll, AssemblyResolver.OnResolve: Microsoft.VisualStudio.TestPlatform.Extensions.Trx.TestLogger: Searching in: 'C:\Program Files\dotnet\sdk\6.0.101\Extensions'.
TpTrace Information: 0 : 15128, 1, 2022/01/29, 12:57:29.361, 4370195812601, vstest.console.dll, AssemblyResolver.OnResolve: Microsoft.VisualStudio.TestPlatform.Extensions.Trx.TestLogger: Loading assembly 'C:\Program Files\dotnet\sdk\6.0.101\Extensions\Microsoft.VisualStudio.TestPlatform.Extensions.Trx.TestLogger.dll'.
TpTrace Information: 0 : 15128, 1, 2022/01/29, 12:57:29.361, 4370195816784, vstest.console.dll, AssemblyResolver.OnResolve: Resolved assembly: Microsoft.VisualStudio.TestPlatform.Extensions.Trx.TestLogger, from path: C:\Program Files\dotnet\sdk\6.0.101\Extensions\Microsoft.VisualStudio.TestPlatform.Extensions.Trx.TestLogger.dll
TpTrace Verbose: 0 : 15128, 1, 2022/01/29, 12:57:29.362, 4370195821020, vstest.console.dll, TestPluginCache: Discovered the extensions using extension path ''.
TpTrace Verbose: 0 : 15128, 1, 2022/01/29, 12:57:29.362, 4370195821350, vstest.console.dll, TestPluginCache: Discoverers are ''.
TpTrace Verbose: 0 : 15128, 1, 2022/01/29, 12:57:29.362, 4370195821500, vstest.console.dll, TestPluginCache: Executors are ''.
TpTrace Verbose: 0 : 15128, 1, 2022/01/29, 12:57:29.362, 4370195821665, vstest.console.dll, TestPluginCache: Executors2 are ''.
TpTrace Verbose: 0 : 15128, 1, 2022/01/29, 12:57:29.362, 4370195821794, vstest.console.dll, TestPluginCache: Setting providers are ''.
TpTrace Verbose: 0 : 15128, 1, 2022/01/29, 12:57:29.362, 4370195821922, vstest.console.dll, TestPluginCache: Loggers are ''.
TpTrace Information: 0 : 15128, 1, 2022/01/29, 12:57:29.365, 4370195849807, vstest.console.dll, RunTestsArgumentProcessor:Execute: Test run is starting.
TpTrace Verbose: 0 : 15128, 1, 2022/01/29, 12:57:29.365, 4370195850238, vstest.console.dll, RunTestsArgumentProcessor:Execute: Queuing Test run.
TpTrace Information: 0 : 15128, 1, 2022/01/29, 12:57:29.365, 4370195851344, vstest.console.dll, TestRequestManager.RunTests: run tests started.
TpTrace Information: 0 : 15128, 1, 2022/01/29, 12:57:29.367, 4370195873224, vstest.console.dll, AssemblyMetadataProvider.GetFrameWork: Determined framework:'.NETCoreApp,Version=v6.0' for source: 'D:\development\personal\MarsRobot\MarsRobot.Tests\bin\Debug\net6.0\fine-code-coverage\build-output\MarsRobot.Tests.dll'
TpTrace Information: 0 : 15128, 1, 2022/01/29, 12:57:29.367, 4370195875122, vstest.console.dll, Determined framework for all sources: .NETCoreApp,Version=v6.0
TpTrace Information: 0 : 15128, 1, 2022/01/29, 12:57:29.367, 4370195877803, vstest.console.dll, AssemblyMetadataProvider.GetArchitecture: Determined architecture:AnyCPU info for assembly: D:\development\personal\MarsRobot\MarsRobot.Tests\bin\Debug\net6.0\fine-code-coverage\build-output\MarsRobot.Tests.dll
TpTrace Information: 0 : 15128, 1, 2022/01/29, 12:57:29.369, 4370195890000, vstest.console.dll, Determined platform for all sources: X64
TpTrace Information: 0 : 15128, 1, 2022/01/29, 12:57:29.370, 4370195906674, vstest.console.dll, Compatible sources list : 
TpTrace Information: 0 : 15128, 1, 2022/01/29, 12:57:29.370, 4370195907163, vstest.console.dll, D:\development\personal\MarsRobot\MarsRobot.Tests\bin\Debug\net6.0\fine-code-coverage\build-output\MarsRobot.Tests.dll
TpTrace Information: 0 : 15128, 1, 2022/01/29, 12:57:29.372, 4370195922576, vstest.console.dll, InferRunSettingsHelper.IsTestSettingsEnabled: Unable to navigate to RunSettings/MSTest. Current node: RunSettings
TpTrace Information: 0 : 15128, 1, 2022/01/29, 12:57:29.372, 4370195926821, vstest.console.dll, AssemblyResolver.OnResolve: Microsoft.VisualStudio.TestPlatform.Fakes: Resolving assembly.
TpTrace Information: 0 : 15128, 1, 2022/01/29, 12:57:29.372, 4370195927180, vstest.console.dll, AssemblyResolver.OnResolve: Microsoft.VisualStudio.TestPlatform.Fakes: Searching in: 'C:\Program Files\dotnet\sdk\6.0.101\Extensions'.
TpTrace Information: 0 : 15128, 1, 2022/01/29, 12:57:29.372, 4370195927761, vstest.console.dll, AssemblyResolver.OnResolve: Microsoft.VisualStudio.TestPlatform.Fakes: Assembly path does not exist: 'C:\Program Files\dotnet\sdk\6.0.101\Extensions\Microsoft.VisualStudio.TestPlatform.Fakes.dll', returning.
TpTrace Information: 0 : 15128, 1, 2022/01/29, 12:57:29.372, 4370195928066, vstest.console.dll, AssemblyResolver.OnResolve: Microsoft.VisualStudio.TestPlatform.Fakes: Assembly path does not exist: 'C:\Program Files\dotnet\sdk\6.0.101\Extensions\Microsoft.VisualStudio.TestPlatform.Fakes.exe', returning.
TpTrace Information: 0 : 15128, 1, 2022/01/29, 12:57:29.372, 4370195928254, vstest.console.dll, AssemblyResolver.OnResolve: Microsoft.VisualStudio.TestPlatform.Fakes: Searching in: 'C:\Program Files\dotnet\sdk\6.0.101'.
TpTrace Information: 0 : 15128, 1, 2022/01/29, 12:57:29.372, 4370195928576, vstest.console.dll, AssemblyResolver.OnResolve: Microsoft.VisualStudio.TestPlatform.Fakes: Assembly path does not exist: 'C:\Program Files\dotnet\sdk\6.0.101\Microsoft.VisualStudio.TestPlatform.Fakes.dll', returning.
TpTrace Information: 0 : 15128, 1, 2022/01/29, 12:57:29.372, 4370195928843, vstest.console.dll, AssemblyResolver.OnResolve: Microsoft.VisualStudio.TestPlatform.Fakes: Assembly path does not exist: 'C:\Program Files\dotnet\sdk\6.0.101\Microsoft.VisualStudio.TestPlatform.Fakes.exe', returning.
TpTrace Information: 0 : 15128, 1, 2022/01/29, 12:57:29.372, 4370195928995, vstest.console.dll, AssemblyResolver.OnResolve: Microsoft.VisualStudio.TestPlatform.Fakes: Failed to load assembly.
TpTrace Information: 0 : 15128, 1, 2022/01/29, 12:57:29.373, 4370195930801, vstest.console.dll, Failed to load assembly Microsoft.VisualStudio.TestPlatform.Fakes, Version=17.0.0.0, Culture=neutral. Reason:System.IO.FileNotFoundException: Could not load file or assembly 'Microsoft.VisualStudio.TestPlatform.Fakes, Version=17.0.0.0, Culture=neutral, PublicKeyToken=null'. O sistema não pode encontrar o arquivo especificado.
File name: 'Microsoft.VisualStudio.TestPlatform.Fakes, Version=17.0.0.0, Culture=neutral, PublicKeyToken=null'
   at System.Reflection.RuntimeAssembly.InternalLoad(ObjectHandleOnStack assemblyName, ObjectHandleOnStack requestingAssembly, StackCrawlMarkHandle stackMark, Boolean throwOnFileNotFound, ObjectHandleOnStack assemblyLoadContext, ObjectHandleOnStack retAssembly)
   at System.Reflection.RuntimeAssembly.InternalLoad(AssemblyName assemblyName, RuntimeAssembly requestingAssembly, StackCrawlMark& stackMark, Boolean throwOnFileNotFound, AssemblyLoadContext assemblyLoadContext)
   at System.Reflection.Assembly.Load(AssemblyName assemblyRef)
   at Microsoft.VisualStudio.TestPlatform.Common.Utilities.FakesUtilities.LoadTestPlatformAssembly()
TpTrace Verbose: 0 : 15128, 1, 2022/01/29, 12:57:29.375, 4370195953053, vstest.console.dll, TestPluginCache.DiscoverTestExtensions: finding test extensions in assemblies ends with: TestLogger.dll TPluginInfo: Microsoft.VisualStudio.TestPlatform.Common.ExtensionFramework.Utilities.TestLoggerPluginInformation TExtension: Microsoft.VisualStudio.TestPlatform.ObjectModel.Client.ITestLogger
TpTrace Verbose: 0 : 15128, 1, 2022/01/29, 12:57:29.375, 4370195953602, vstest.console.dll, TestPluginCache.GetExtensionPaths: Filtered extension paths: 
TpTrace Verbose: 0 : 15128, 1, 2022/01/29, 12:57:29.375, 4370195953781, vstest.console.dll, TestPluginCache.GetExtensionPaths: Added default extension paths: C:\Program Files\dotnet\sdk\6.0.101\Extensions\Microsoft.Diagnostics.NETCore.Client.dll
C:\Program Files\dotnet\sdk\6.0.101\Extensions\Microsoft.TestPlatform.Extensions.BlameDataCollector.dll
C:\Program Files\dotnet\sdk\6.0.101\Extensions\Microsoft.TestPlatform.Extensions.EventLogCollector.dll
C:\Program Files\dotnet\sdk\6.0.101\Extensions\Microsoft.TestPlatform.TestHostRuntimeProvider.dll
C:\Program Files\dotnet\sdk\6.0.101\Extensions\Microsoft.VisualStudio.TestPlatform.Extensions.Html.TestLogger.dll
C:\Program Files\dotnet\sdk\6.0.101\Extensions\Microsoft.VisualStudio.TestPlatform.Extensions.Trx.TestLogger.dll
TpTrace Verbose: 0 : 15128, 1, 2022/01/29, 12:57:29.375, 4370195953942, vstest.console.dll, TestPluginCache.GetExtensionPaths: Added unfilterableExtensionPaths: 
TpTrace Information: 0 : 15128, 1, 2022/01/29, 12:57:29.375, 4370195954685, vstest.console.dll, AssemblyResolver.AddSearchDirectories: Adding more searchDirectories C:\Program Files\dotnet\sdk\6.0.101\Extensions,C:\Program Files\dotnet\sdk\6.0.101
TpTrace Verbose: 0 : 15128, 1, 2022/01/29, 12:57:29.375, 4370195954935, vstest.console.dll, TestPluginCache.DiscoverTestExtensions: Discovering the extensions using extension path.
TpTrace Verbose: 0 : 15128, 1, 2022/01/29, 12:57:29.375, 4370195955125, vstest.console.dll, TestPluginCache.GetExtensionPaths: Filtered extension paths: 
TpTrace Verbose: 0 : 15128, 1, 2022/01/29, 12:57:29.375, 4370195955310, vstest.console.dll, TestPluginCache.GetExtensionPaths: Added default extension paths: C:\Program Files\dotnet\sdk\6.0.101\Extensions\Microsoft.Diagnostics.NETCore.Client.dll
C:\Program Files\dotnet\sdk\6.0.101\Extensions\Microsoft.TestPlatform.Extensions.BlameDataCollector.dll
C:\Program Files\dotnet\sdk\6.0.101\Extensions\Microsoft.TestPlatform.Extensions.EventLogCollector.dll
C:\Program Files\dotnet\sdk\6.0.101\Extensions\Microsoft.TestPlatform.TestHostRuntimeProvider.dll
C:\Program Files\dotnet\sdk\6.0.101\Extensions\Microsoft.VisualStudio.TestPlatform.Extensions.Html.TestLogger.dll
C:\Program Files\dotnet\sdk\6.0.101\Extensions\Microsoft.VisualStudio.TestPlatform.Extensions.Trx.TestLogger.dll
TpTrace Verbose: 0 : 15128, 1, 2022/01/29, 12:57:29.375, 4370195955464, vstest.console.dll, TestPluginCache.GetExtensionPaths: Added unfilterableExtensionPaths: 
TpTrace Verbose: 0 : 15128, 1, 2022/01/29, 12:57:29.375, 4370195955641, vstest.console.dll, TestPluginCache.DiscoverTestExtensions: Discovering the extensions using allExtensionPaths: C:\Program Files\dotnet\sdk\6.0.101\Extensions\Microsoft.Diagnostics.NETCore.Client.dll
C:\Program Files\dotnet\sdk\6.0.101\Extensions\Microsoft.TestPlatform.Extensions.BlameDataCollector.dll
C:\Program Files\dotnet\sdk\6.0.101\Extensions\Microsoft.TestPlatform.Extensions.EventLogCollector.dll
C:\Program Files\dotnet\sdk\6.0.101\Extensions\Microsoft.TestPlatform.TestHostRuntimeProvider.dll
C:\Program Files\dotnet\sdk\6.0.101\Extensions\Microsoft.VisualStudio.TestPlatform.Extensions.Html.TestLogger.dll
C:\Program Files\dotnet\sdk\6.0.101\Extensions\Microsoft.VisualStudio.TestPlatform.Extensions.Trx.TestLogger.dll
TpTrace Information: 0 : 15128, 1, 2022/01/29, 12:57:29.375, 4370195955890, vstest.console.dll, AssemblyResolver.AddSearchDirectories: Adding more searchDirectories C:\Program Files\dotnet\sdk\6.0.101\Extensions,C:\Program Files\dotnet\sdk\6.0.101
TpTrace Information: 0 : 15128, 1, 2022/01/29, 12:57:29.375, 4370195956091, vstest.console.dll, AssemblyResolver.AddSearchDirectories: Adding more searchDirectories C:\Program Files\dotnet\sdk\6.0.101\Extensions,C:\Program Files\dotnet\sdk\6.0.101
TpTrace Information: 0 : 15128, 1, 2022/01/29, 12:57:29.375, 4370195956244, vstest.console.dll, AssemblyResolver.AddSearchDirectories: Adding more searchDirectories C:\Program Files\dotnet\sdk\6.0.101\Extensions,C:\Program Files\dotnet\sdk\6.0.101
TpTrace Information: 0 : 15128, 1, 2022/01/29, 12:57:29.375, 4370195956391, vstest.console.dll, AssemblyResolver.AddSearchDirectories: Adding more searchDirectories C:\Program Files\dotnet\sdk\6.0.101\Extensions,C:\Program Files\dotnet\sdk\6.0.101
TpTrace Information: 0 : 15128, 1, 2022/01/29, 12:57:29.375, 4370195956585, vstest.console.dll, AssemblyResolver.AddSearchDirectories: Adding more searchDirectories C:\Program Files\dotnet\sdk\6.0.101\Extensions,C:\Program Files\dotnet\sdk\6.0.101
TpTrace Information: 0 : 15128, 1, 2022/01/29, 12:57:29.375, 4370195956739, vstest.console.dll, AssemblyResolver.AddSearchDirectories: Adding more searchDirectories C:\Program Files\dotnet\sdk\6.0.101\Extensions,C:\Program Files\dotnet\sdk\6.0.101
TpTrace Information: 0 : 15128, 1, 2022/01/29, 12:57:29.375, 4370195958183, vstest.console.dll, AssemblyResolver.OnResolve: Microsoft.Bcl.AsyncInterfaces: Resolving assembly.
TpTrace Information: 0 : 15128, 1, 2022/01/29, 12:57:29.375, 4370195958431, vstest.console.dll, AssemblyResolver.OnResolve: Microsoft.Bcl.AsyncInterfaces: Resolved from cache.
TpTrace Verbose: 0 : 15128, 1, 2022/01/29, 12:57:29.375, 4370195958623, vstest.console.dll, CurrentDomainAssemblyResolve: Resolving assembly 'Microsoft.Bcl.AsyncInterfaces'.
TpTrace Information: 0 : 15128, 1, 2022/01/29, 12:57:29.375, 4370195958857, vstest.console.dll, AssemblyResolver.OnResolve: Microsoft.Bcl.AsyncInterfaces: Resolving assembly.
TpTrace Information: 0 : 15128, 1, 2022/01/29, 12:57:29.375, 4370195959009, vstest.console.dll, AssemblyResolver.OnResolve: Microsoft.Bcl.AsyncInterfaces: Resolved from cache.
TpTrace Verbose: 0 : 15128, 1, 2022/01/29, 12:57:29.376, 4370195959167, vstest.console.dll, CurrentDomainAssemblyResolve: Resolving assembly 'Microsoft.Bcl.AsyncInterfaces'.
TpTrace Verbose: 0 : 15128, 1, 2022/01/29, 12:57:29.376, 4370195959335, vstest.console.dll, CurrentDomainAssemblyResolve: Failed to resolve assembly 'Microsoft.Bcl.AsyncInterfaces'.
TpTrace Verbose: 0 : 15128, 1, 2022/01/29, 12:57:29.376, 4370195960267, vstest.console.dll, CurrentDomainAssemblyResolve: Failed to resolve assembly 'Microsoft.Bcl.AsyncInterfaces'.
TpTrace Warning: 0 : 15128, 1, 2022/01/29, 12:57:29.376, 4370195962519, vstest.console.dll, TestPluginDiscoverer: Failed to get types from assembly 'Microsoft.Diagnostics.NETCore.Client, Version=0.2.4.21401, Culture=neutral, PublicKeyToken=31bf3856ad364e35'.  Skipping test extension scan for this assembly.  Error: System.Reflection.ReflectionTypeLoadException: Unable to load one or more of the requested types.
Could not load file or assembly 'Microsoft.Bcl.AsyncInterfaces, Version=1.0.0.0, Culture=neutral, PublicKeyToken=cc7b13ffcd2ddd51'. O sistema não pode encontrar o arquivo especificado.
   at System.Reflection.RuntimeModule.GetTypes(RuntimeModule module)
   at System.Reflection.Assembly.GetTypes()
   at Microsoft.VisualStudio.TestPlatform.Common.ExtensionFramework.TestPluginDiscoverer.GetTestExtensionsFromAssembly[TPluginInfo,TExtension](Assembly assembly, Dictionary`2 pluginInfos)
System.IO.FileNotFoundException: Could not load file or assembly 'Microsoft.Bcl.AsyncInterfaces, Version=1.0.0.0, Culture=neutral, PublicKeyToken=cc7b13ffcd2ddd51'. O sistema não pode encontrar o arquivo especificado.
File name: 'Microsoft.Bcl.AsyncInterfaces, Version=1.0.0.0, Culture=neutral, PublicKeyToken=cc7b13ffcd2ddd51'
 ---> System.IO.FileNotFoundException: Could not load file or assembly 'Microsoft.Bcl.AsyncInterfaces, Culture=neutral, PublicKeyToken=null'. O sistema não pode encontrar o arquivo especificado.
File name: 'Microsoft.Bcl.AsyncInterfaces, Culture=neutral, PublicKeyToken=null'
   at System.Reflection.RuntimeAssembly.InternalLoad(ObjectHandleOnStack assemblyName, ObjectHandleOnStack requestingAssembly, StackCrawlMarkHandle stackMark, Boolean throwOnFileNotFound, ObjectHandleOnStack assemblyLoadContext, ObjectHandleOnStack retAssembly)
   at System.Reflection.RuntimeAssembly.InternalLoad(AssemblyName assemblyName, RuntimeAssembly requestingAssembly, StackCrawlMark& stackMark, Boolean throwOnFileNotFound, AssemblyLoadContext assemblyLoadContext)
   at System.Reflection.Assembly.Load(AssemblyName assemblyRef)
   at Microsoft.VisualStudio.TestPlatform.Common.ExtensionFramework.TestPluginCache.CurrentDomainAssemblyResolve(Object sender, AssemblyResolveEventArgs args)
   at Microsoft.VisualStudio.TestPlatform.PlatformAbstractions.PlatformAssemblyResolver.AssemblyResolverEvent(Object sender, Object eventArgs)
   at System.Runtime.Loader.AssemblyLoadContext.GetFirstResolvedAssemblyFromResolvingEvent(AssemblyName assemblyName)
   at System.Runtime.Loader.AssemblyLoadContext.ResolveUsingEvent(AssemblyName assemblyName)
   at System.Runtime.Loader.AssemblyLoadContext.ResolveUsingResolvingEvent(IntPtr gchManagedAssemblyLoadContext, AssemblyName assemblyName)
TpTrace Warning: 0 : 15128, 1, 2022/01/29, 12:57:29.376, 4370195963875, vstest.console.dll, LoaderExceptions: System.IO.FileNotFoundException: Could not load file or assembly 'Microsoft.Bcl.AsyncInterfaces, Version=1.0.0.0, Culture=neutral, PublicKeyToken=cc7b13ffcd2ddd51'. O sistema não pode encontrar o arquivo especificado.
File name: 'Microsoft.Bcl.AsyncInterfaces, Version=1.0.0.0, Culture=neutral, PublicKeyToken=cc7b13ffcd2ddd51'
 ---> System.IO.FileNotFoundException: Could not load file or assembly 'Microsoft.Bcl.AsyncInterfaces, Culture=neutral, PublicKeyToken=null'. O sistema não pode encontrar o arquivo especificado.
File name: 'Microsoft.Bcl.AsyncInterfaces, Culture=neutral, PublicKeyToken=null'
   at System.Reflection.RuntimeAssembly.InternalLoad(ObjectHandleOnStack assemblyName, ObjectHandleOnStack requestingAssembly, StackCrawlMarkHandle stackMark, Boolean throwOnFileNotFound, ObjectHandleOnStack assemblyLoadContext, ObjectHandleOnStack retAssembly)
   at System.Reflection.RuntimeAssembly.InternalLoad(AssemblyName assemblyName, RuntimeAssembly requestingAssembly, StackCrawlMark& stackMark, Boolean throwOnFileNotFound, AssemblyLoadContext assemblyLoadContext)
   at System.Reflection.Assembly.Load(AssemblyName assemblyRef)
   at Microsoft.VisualStudio.TestPlatform.Common.ExtensionFramework.TestPluginCache.CurrentDomainAssemblyResolve(Object sender, AssemblyResolveEventArgs args)
   at Microsoft.VisualStudio.TestPlatform.PlatformAbstractions.PlatformAssemblyResolver.AssemblyResolverEvent(Object sender, Object eventArgs)
   at System.Runtime.Loader.AssemblyLoadContext.GetFirstResolvedAssemblyFromResolvingEvent(AssemblyName assemblyName)
   at System.Runtime.Loader.AssemblyLoadContext.ResolveUsingEvent(AssemblyName assemblyName)
   at System.Runtime.Loader.AssemblyLoadContext.ResolveUsingResolvingEvent(IntPtr gchManagedAssemblyLoadContext, AssemblyName assemblyName)
TpTrace Verbose: 0 : 15128, 1, 2022/01/29, 12:57:29.376, 4370195966199, vstest.console.dll, TestPluginCache: Discovered the extensions using extension path ''.
TpTrace Verbose: 0 : 15128, 1, 2022/01/29, 12:57:29.376, 4370195966473, vstest.console.dll, TestPluginCache: Discoverers are ''.
TpTrace Verbose: 0 : 15128, 1, 2022/01/29, 12:57:29.376, 4370195966613, vstest.console.dll, TestPluginCache: Executors are ''.
TpTrace Verbose: 0 : 15128, 1, 2022/01/29, 12:57:29.376, 4370195966744, vstest.console.dll, TestPluginCache: Executors2 are ''.
TpTrace Verbose: 0 : 15128, 1, 2022/01/29, 12:57:29.376, 4370195966872, vstest.console.dll, TestPluginCache: Setting providers are ''.
TpTrace Verbose: 0 : 15128, 1, 2022/01/29, 12:57:29.376, 4370195967283, vstest.console.dll, TestPluginCache: Loggers are 'logger://Microsoft/TestPlatform/Extensions/Blame/v1,logger://Microsoft/TestPlatform/HtmlLogger/v1,logger://Microsoft/TestPlatform/TrxLogger/v1'.
TpTrace Information: 0 : 15128, 1, 2022/01/29, 12:57:29.377, 4370195971266, vstest.console.dll, TestPluginManager.CreateTestExtension: Attempting to load test extension: Microsoft.TestPlatform.Extensions.BlameDataCollector.BlameLogger
TpTrace Information: 0 : 15128, 1, 2022/01/29, 12:57:29.380, 4370196007541, vstest.console.dll, TestPluginManager.CreateTestExtension: Attempting to load test extension: Microsoft.VisualStudio.TestPlatform.CrossPlatEngine.Hosting.DefaultTestHostManager
TpTrace Information: 0 : 15128, 1, 2022/01/29, 12:57:29.381, 4370196009370, vstest.console.dll, TestPluginManager.CreateTestExtension: Attempting to load test extension: Microsoft.VisualStudio.TestPlatform.CrossPlatEngine.Hosting.DotnetTestHostManager
TpTrace Verbose: 0 : 15128, 1, 2022/01/29, 12:57:29.381, 4370196012665, vstest.console.dll, TestEngine: Initializing Parallel Execution as MaxCpuCount is set to: 1
TpTrace Information: 0 : 15128, 1, 2022/01/29, 12:57:29.381, 4370196016077, vstest.console.dll, InferRunSettingsHelper.IsTestSettingsEnabled: Unable to navigate to RunSettings/MSTest. Current node: RunSettings
TpTrace Verbose: 0 : 15128, 1, 2022/01/29, 12:57:29.390, 4370196100042, vstest.console.dll, TestRequestSender is acting as server
TpTrace Verbose: 0 : 15128, 5, 2022/01/29, 12:57:29.392, 4370196127989, vstest.console.dll, DataCollectionRequestSender.InitializeCommunication : Initialize communication. 
TpTrace Information: 0 : 15128, 5, 2022/01/29, 12:57:29.396, 4370196163585, vstest.console.dll, Listening on Endpoint : 127.0.0.1:62200
TpTrace Verbose: 0 : 15128, 5, 2022/01/29, 12:57:29.403, 4370196234971, vstest.console.dll, DotnetDataCollectionLauncher: Full path of dotnet.exe is C:\Program Files\dotnet\dotnet.exe
TpTrace Verbose: 0 : 15128, 5, 2022/01/29, 12:57:29.403, 4370196236044, vstest.console.dll, DotnetDataCollectionLauncher: Adding  --runtimeconfig "C:\Program Files\dotnet\sdk\6.0.101\datacollector.runtimeconfig.json" in args
TpTrace Verbose: 0 : 15128, 5, 2022/01/29, 12:57:29.403, 4370196236424, vstest.console.dll, DotnetDataCollectionLauncher: Adding  --depsfile "C:\Program Files\dotnet\sdk\6.0.101\datacollector.deps.json" in args
TpTrace Information: 0 : 15128, 5, 2022/01/29, 12:57:29.408, 4370196287023, vstest.console.dll, ProxyDataCollectionManager.Initialize: Launched datacollector processId: 572 port: 62200
TpTrace Information: 0 : 15128, 5, 2022/01/29, 12:57:29.408, 4370196288258, vstest.console.dll, ProxyDataCollectionManager.Initialize: waiting for connection with timeout: 90 seconds
TpTrace Verbose: 0 : 15128, 5, 2022/01/29, 12:57:29.408, 4370196288674, vstest.console.dll, DataCollectionRequestSender.WaitForRequestHandlerConnection : Waiting for connection with timeout: 90000
TpTrace Information: 0 : 15128, 8, 2022/01/29, 12:57:29.483, 4370197039038, vstest.console.dll, Using the buffer size of 16384 bytes
TpTrace Verbose: 0 : 15128, 5, 2022/01/29, 12:57:29.484, 4370197039380, vstest.console.dll, ProxyDataCollectionManager.InvokeDataCollectionServiceAction: Starting.
TpTrace Information: 0 : 15128, 5, 2022/01/29, 12:57:29.484, 4370197040316, vstest.console.dll, ProxyDataCollectionManager.BeforeTestRunStart: Get environment variable and port for datacollector processId: 572 port: 62200
TpTrace Information: 0 : 15128, 8, 2022/01/29, 12:57:29.484, 4370197040266, vstest.console.dll, Accepted Client request and set the flag
TpTrace Verbose: 0 : 15128, 5, 2022/01/29, 12:57:29.484, 4370197041082, vstest.console.dll, DataCollectionRequestSender.SendBeforeTestRunStartAndGetResult : Send BeforeTestRunStart message with settingsXml <RunSettings><RunConfiguration><ResultsDirectory>D:\development\personal\MarsRobot\MarsRobot.Tests\bin\Debug\net6.0\fine-code-coverage\coverage-tool-output</ResultsDirectory><TargetPlatform>X64</TargetPlatform><TargetFrameworkVersion>.NETCoreApp,Version=v6.0</TargetFrameworkVersion><DesignMode>False</DesignMode><CollectSourceInformation>False</CollectSourceInformation><TestAdaptersPaths>C:\Program Files\dotnet\sdk\6.0.101\Extensions</TestAdaptersPaths></RunConfiguration><LoggerRunSettings><Loggers><Logger friendlyName="blame" enabled="True" /><Logger friendlyName="Console" uri="logger://microsoft/TestPlatform/ConsoleLogger/v1" assemblyQualifiedName="Microsoft.VisualStudio.TestPlatform.CommandLine.Internal.ConsoleLogger, vstest.console, Version=15.0.0.0, Culture=neutral, PublicKeyToken=b03f5f7f11d50a3a" codeBase="C:\Program Files\dotnet\sdk\6.0.101\vstest.console.dll" enabled="True" /></Loggers></LoggerRunSettings><DataCollectionRunSettings><DataCollectors><DataCollector friendlyName="blame" enabled="True"><Configuration><ResultsDirectory>D:\development\personal\MarsRobot\MarsRobot.Tests\bin\Debug\net6.0\fine-code-coverage\coverage-tool-output</ResultsDirectory></Configuration></DataCollector></DataCollectors></DataCollectionRunSettings></RunSettings> and sources System.Linq.Enumerable+Concat2Iterator`1[System.String]: 
TpTrace Verbose: 0 : 15128, 5, 2022/01/29, 12:57:29.528, 4370197484131, vstest.console.dll, DataCollectionRequestSender.SendBeforeTestRunStartAndGetResult : Received message: (DataCollection.SendMessage) -> {
  "FriendlyName": null,
  "Uri": null,
  "TestCaseId": "00000000-0000-0000-0000-000000000000",
  "Message": "Logging DataCollector Diagnostics in file: D:\\development\\personal\\MarsRobot\\MarsRobot.Tests\\bin\\Debug\\net6.0\\fine-code-coverage\\coverage-tool-output\\diagnostics.datacollector.22-01-29_12-57-29_40078_5.log",
  "Level": 0
}
TpTrace Verbose: 0 : 15128, 5, 2022/01/29, 12:57:29.571, 4370197915103, vstest.console.dll, DataCollectionRequestSender.SendBeforeTestRunStartAndGetResult : Received message: (DataCollection.BeforeTestRunStartResult) -> {
  "EnvironmentVariables": {},
  "DataCollectionEventsPort": 62206
}
TpTrace Information: 0 : 15128, 5, 2022/01/29, 12:57:29.575, 4370197951469, vstest.console.dll, ProxyDataCollectionManager.BeforeTestRunStart: SendBeforeTestRunStartAndGetResult successful, env variable from datacollector:   and testhost port: 62206
TpTrace Information: 0 : 15128, 5, 2022/01/29, 12:57:29.575, 4370197952088, vstest.console.dll, ProxyDataCollectionManager.InvokeDataCollectionServiceAction: Completed.
TpTrace Verbose: 0 : 15128, 1, 2022/01/29, 12:57:29.575, 4370197952954, vstest.console.dll, TestRunRequest.ExecuteAsync: Creating test run request.
TpTrace Verbose: 0 : 15128, 1, 2022/01/29, 12:57:29.575, 4370197954718, vstest.console.dll, TestRunRequest.ExecuteAsync: Starting.
TpTrace Information: 0 : 15128, 1, 2022/01/29, 12:57:29.575, 4370197956891, vstest.console.dll, TestRunRequest.ExecuteAsync: Starting run with settings:TestRunCriteria:
   KeepAlive=False,FrequencyOfRunStatsChangeEvent=10,RunStatsChangeEventTimeout=00:00:01.5000000,TestCaseFilter=,TestExecutorLauncher=
   Settingsxml=<RunSettings>
  <RunConfiguration>
    <ResultsDirectory>D:\development\personal\MarsRobot\MarsRobot.Tests\bin\Debug\net6.0\fine-code-coverage\coverage-tool-output</ResultsDirectory>
    <TargetPlatform>X64</TargetPlatform>
    <TargetFrameworkVersion>.NETCoreApp,Version=v6.0</TargetFrameworkVersion>
    <DesignMode>False</DesignMode>
    <CollectSourceInformation>False</CollectSourceInformation>
  </RunConfiguration>
  <LoggerRunSettings>
    <Loggers>
      <Logger friendlyName="blame" enabled="True" />
      <Logger friendlyName="Console" uri="logger://microsoft/TestPlatform/ConsoleLogger/v1" assemblyQualifiedName="Microsoft.VisualStudio.TestPlatform.CommandLine.Internal.ConsoleLogger, vstest.console, Version=15.0.0.0, Culture=neutral, PublicKeyToken=b03f5f7f11d50a3a" codeBase="C:\Program Files\dotnet\sdk\6.0.101\vstest.console.dll" enabled="True" />
    </Loggers>
  </LoggerRunSettings>
  <DataCollectionRunSettings>
    <DataCollectors>
      <DataCollector friendlyName="blame" enabled="True">
        <Configuration>
          <ResultsDirectory>D:\development\personal\MarsRobot\MarsRobot.Tests\bin\Debug\net6.0\fine-code-coverage\coverage-tool-output</ResultsDirectory>
        </Configuration>
      </DataCollector>
    </DataCollectors>
  </DataCollectionRunSettings>
</RunSettings>

TpTrace Verbose: 0 : 15128, 1, 2022/01/29, 12:57:29.575, 4370197957233, vstest.console.dll, TestRunRequest.ExecuteAsync: Wait for the first run request is over.
TpTrace Verbose: 0 : 15128, 1, 2022/01/29, 12:57:29.576, 4370197960140, vstest.console.dll, ParallelProxyExecutionManager: Start execution. Total sources: 1
TpTrace Information: 0 : 15128, 1, 2022/01/29, 12:57:29.576, 4370197963831, vstest.console.dll, ProxyParallelExecutionManager: Triggering test run for next source: D:\development\personal\MarsRobot\MarsRobot.Tests\bin\Debug\net6.0\fine-code-coverage\build-output\MarsRobot.Tests.dll
TpTrace Verbose: 0 : 15128, 5, 2022/01/29, 12:57:29.576, 4370197965070, vstest.console.dll, ParallelProxyExecutionManager: Execution started. Started clients: 1
TpTrace Verbose: 0 : 15128, 1, 2022/01/29, 12:57:29.576, 4370197966514, vstest.console.dll, ProxyParallelExecutionManager: No sources available for execution.
TpTrace Information: 0 : 15128, 1, 2022/01/29, 12:57:29.577, 4370197969452, vstest.console.dll, TestRunRequest.ExecuteAsync: Started.
TpTrace Verbose: 0 : 15128, 1, 2022/01/29, 12:57:29.577, 4370197971473, vstest.console.dll, TestRunRequest.WaitForCompletion: Waiting with timeout -1.
TpTrace Verbose: 0 : 15128, 5, 2022/01/29, 12:57:29.578, 4370197980718, vstest.console.dll, TestRunRequest:SendTestRunMessage: Starting.
TpTrace Information: 0 : 15128, 5, 2022/01/29, 12:57:29.578, 4370197982430, vstest.console.dll, TestRunRequest:SendTestRunMessage: Completed.
TpTrace Verbose: 0 : 15128, 5, 2022/01/29, 12:57:29.578, 4370197983975, vstest.console.dll, ProxyExecutionManager: Test host is always Lazy initialize.
TpTrace Verbose: 0 : 15128, 5, 2022/01/29, 12:57:29.578, 4370197985698, vstest.console.dll, TestRequestSender.InitializeCommunication: initialize communication. 
TpTrace Information: 0 : 15128, 5, 2022/01/29, 12:57:29.579, 4370197990181, vstest.console.dll, SocketServer.Start: Listening on endpoint : 127.0.0.1:62207
TpTrace Verbose: 0 : 15128, 5, 2022/01/29, 12:57:29.579, 4370197995356, vstest.console.dll, DotnetTestHostmanager: Adding  --runtimeconfig "D:\development\personal\MarsRobot\MarsRobot.Tests\bin\Debug\net6.0\fine-code-coverage\build-output\MarsRobot.Tests.runtimeconfig.json" in args
TpTrace Verbose: 0 : 15128, 5, 2022/01/29, 12:57:29.579, 4370197995822, vstest.console.dll, DotnetTestHostmanager: Adding  --depsfile "D:\development\personal\MarsRobot\MarsRobot.Tests\bin\Debug\net6.0\fine-code-coverage\build-output\MarsRobot.Tests.deps.json" in args
TpTrace Verbose: 0 : 15128, 5, 2022/01/29, 12:57:29.579, 4370197997009, vstest.console.dll, DotnetTestHostManager: Testhost.exe/testhost.x86.exe found at path: D:\development\personal\MarsRobot\MarsRobot.Tests\bin\Debug\net6.0\fine-code-coverage\build-output\testhost.exe
TpTrace Verbose: 0 : 15128, 5, 2022/01/29, 12:57:29.579, 4370197997321, vstest.console.dll, DotnetTestHostmanager: Full path of host exe is D:\development\personal\MarsRobot\MarsRobot.Tests\bin\Debug\net6.0\fine-code-coverage\build-output\testhost.exe
TpTrace Verbose: 0 : 15128, 7, 2022/01/29, 12:57:29.580, 4370198004024, vstest.console.dll, DotnetTestHostManager: Starting process 'D:\development\personal\MarsRobot\MarsRobot.Tests\bin\Debug\net6.0\fine-code-coverage\build-output\testhost.exe' with command line ' --runtimeconfig "D:\development\personal\MarsRobot\MarsRobot.Tests\bin\Debug\net6.0\fine-code-coverage\build-output\MarsRobot.Tests.runtimeconfig.json" --depsfile "D:\development\personal\MarsRobot\MarsRobot.Tests\bin\Debug\net6.0\fine-code-coverage\build-output\MarsRobot.Tests.deps.json" --port 62207 --endpoint 127.0.0.1:062207 --role client --parentprocessid 15128 --diag "D:\development\personal\MarsRobot\MarsRobot.Tests\bin\Debug\net6.0\fine-code-coverage\coverage-tool-output\diagnostics.host.22-01-29_12-57-29_57934_5.log" --tracelevel 4 --datacollectionport 62206 --telemetryoptedin false'
TpTrace Verbose: 0 : 15128, 7, 2022/01/29, 12:57:29.583, 4370198034266, vstest.console.dll, Test Runtime launched
TpTrace Verbose: 0 : 15128, 5, 2022/01/29, 12:57:29.583, 4370198037443, vstest.console.dll, TestRequestSender.WaitForRequestHandlerConnection: waiting for connection with timeout: 90000
TpTrace Verbose: 0 : 15128, 7, 2022/01/29, 12:57:29.661, 4370198815415, vstest.console.dll, SocketServer.OnClientConnected: Client connected for endPoint: 127.0.0.1:62207, starting MessageLoopAsync:
TpTrace Verbose: 0 : 15128, 14, 2022/01/29, 12:57:29.661, 4370198817008, vstest.console.dll, TcpClientExtensions.MessageLoopAsync: Polling on remoteEndPoint: 127.0.0.1:62208 localEndPoint: 127.0.0.1:62207
TpTrace Verbose: 0 : 15128, 14, 2022/01/29, 12:57:29.750, 4370199706368, vstest.console.dll, TcpClientExtensions.MessageLoopAsync: NotifyDataAvailable remoteEndPoint: 127.0.0.1:62208 localEndPoint: 127.0.0.1:62207
TpTrace Verbose: 0 : 15128, 14, 2022/01/29, 12:57:29.750, 4370199708366, vstest.console.dll, TestRequestSender.CheckVersionWithTestHost: onMessageReceived received message: (ProtocolVersion) -> 5
TpTrace Verbose: 0 : 15128, 14, 2022/01/29, 12:57:29.751, 4370199710966, vstest.console.dll, TcpClientExtensions.MessageLoopAsync: Polling on remoteEndPoint: 127.0.0.1:62208 localEndPoint: 127.0.0.1:62207
TpTrace Verbose: 0 : 15128, 5, 2022/01/29, 12:57:29.751, 4370199711489, vstest.console.dll, TestPluginCache.GetExtensionPaths: Filtered extension paths: 
TpTrace Verbose: 0 : 15128, 5, 2022/01/29, 12:57:29.751, 4370199711864, vstest.console.dll, TestPluginCache.GetExtensionPaths: Added default extension paths: C:\Program Files\dotnet\sdk\6.0.101\Extensions\Microsoft.Diagnostics.NETCore.Client.dll
C:\Program Files\dotnet\sdk\6.0.101\Extensions\Microsoft.TestPlatform.Extensions.BlameDataCollector.dll
C:\Program Files\dotnet\sdk\6.0.101\Extensions\Microsoft.TestPlatform.Extensions.EventLogCollector.dll
C:\Program Files\dotnet\sdk\6.0.101\Extensions\Microsoft.TestPlatform.TestHostRuntimeProvider.dll
C:\Program Files\dotnet\sdk\6.0.101\Extensions\Microsoft.VisualStudio.TestPlatform.Extensions.Html.TestLogger.dll
C:\Program Files\dotnet\sdk\6.0.101\Extensions\Microsoft.VisualStudio.TestPlatform.Extensions.Trx.TestLogger.dll
TpTrace Verbose: 0 : 15128, 5, 2022/01/29, 12:57:29.751, 4370199712037, vstest.console.dll, TestPluginCache.GetExtensionPaths: Added unfilterableExtensionPaths: 
TpTrace Verbose: 0 : 15128, 5, 2022/01/29, 12:57:29.753, 4370199732697, vstest.console.dll, TestRequestSender.InitializeExecution: Sending initializing execution with message: {"Version":5,"MessageType":"TestExecution.Initialize","Payload":["D:\\development\\personal\\MarsRobot\\MarsRobot.Tests\\bin\\Debug\\net6.0\\fine-code-coverage\\build-output\\Microsoft.VisualStudio.TestPlatform.MSTest.TestAdapter.dll"]}
TpTrace Verbose: 0 : 15128, 14, 2022/01/29, 12:57:29.756, 4370199768361, vstest.console.dll, TcpClientExtensions.MessageLoopAsync: NotifyDataAvailable remoteEndPoint: 127.0.0.1:62208 localEndPoint: 127.0.0.1:62207
TpTrace Verbose: 0 : 15128, 14, 2022/01/29, 12:57:29.757, 4370199769175, vstest.console.dll, TestRequestSender.OnExecutionMessageReceived: Received message: {"Version":5,"MessageType":"TestSession.Message","Payload":{"MessageLevel":0,"Message":"Logging TestHost Diagnostics in file: D:\\development\\personal\\MarsRobot\\MarsRobot.Tests\\bin\\Debug\\net6.0\\fine-code-coverage\\coverage-tool-output\\diagnostics.host.22-01-29_12-57-29_57934_5.log"}}
TpTrace Verbose: 0 : 15128, 14, 2022/01/29, 12:57:29.758, 4370199782301, vstest.console.dll, TestRunRequest:SendTestRunMessage: Starting.
TpTrace Information: 0 : 15128, 14, 2022/01/29, 12:57:29.758, 4370199782802, vstest.console.dll, TestRunRequest:SendTestRunMessage: Completed.
TpTrace Verbose: 0 : 15128, 14, 2022/01/29, 12:57:29.758, 4370199783002, vstest.console.dll, TcpClientExtensions.MessageLoopAsync: Polling on remoteEndPoint: 127.0.0.1:62208 localEndPoint: 127.0.0.1:62207
TpTrace Verbose: 0 : 15128, 5, 2022/01/29, 12:57:29.758, 4370199785006, vstest.console.dll, TestRequestSender.StartTestRun: Sending test run with message: {"Version":5,"MessageType":"TestExecution.StartWithSources","Payload":{"AdapterSourceMap":{"_none_":["D:\\development\\personal\\MarsRobot\\MarsRobot.Tests\\bin\\Debug\\net6.0\\fine-code-coverage\\build-output\\MarsRobot.Tests.dll"]},"RunSettings":"<RunSettings>\r\n  <RunConfiguration>\r\n    <ResultsDirectory>D:\\development\\personal\\MarsRobot\\MarsRobot.Tests\\bin\\Debug\\net6.0\\fine-code-coverage\\coverage-tool-output</ResultsDirectory>\r\n    <TargetPlatform>X64</TargetPlatform>\r\n    <TargetFrameworkVersion>.NETCoreApp,Version=v6.0</TargetFrameworkVersion>\r\n    <DesignMode>False</DesignMode>\r\n    <CollectSourceInformation>False</CollectSourceInformation>\r\n  </RunConfiguration>\r\n  <LoggerRunSettings>\r\n    <Loggers>\r\n      <Logger friendlyName=\"blame\" enabled=\"True\" />\r\n      <Logger friendlyName=\"Console\" uri=\"logger://microsoft/TestPlatform/ConsoleLogger/v1\" assemblyQualifiedName=\"Microsoft.VisualStudio.TestPlatform.CommandLine.Internal.ConsoleLogger, vstest.console, Version=15.0.0.0, Culture=neutral, PublicKeyToken=b03f5f7f11d50a3a\" codeBase=\"C:\\Program Files\\dotnet\\sdk\\6.0.101\\vstest.console.dll\" enabled=\"True\" />\r\n    </Loggers>\r\n  </LoggerRunSettings>\r\n  <DataCollectionRunSettings>\r\n    <DataCollectors>\r\n      <DataCollector friendlyName=\"blame\" enabled=\"True\">\r\n        <Configuration>\r\n          <ResultsDirectory>D:\\development\\personal\\MarsRobot\\MarsRobot.Tests\\bin\\Debug\\net6.0\\fine-code-coverage\\coverage-tool-output</ResultsDirectory>\r\n        </Configuration>\r\n      </DataCollector>\r\n    </DataCollectors>\r\n  </DataCollectionRunSettings>\r\n</RunSettings>","TestExecutionContext":{"FrequencyOfRunStatsChangeEvent":10,"RunStatsChangeEventTimeout":"00:00:01.5000000","InIsolation":false,"KeepAlive":false,"AreTestCaseLevelEventsRequired":false,"IsDebug":false,"TestCaseFilter":null,"FilterOptions":null},"Package":null}}
TpTrace Verbose: 0 : 15128, 14, 2022/01/29, 12:57:30.001, 4370202216964, vstest.console.dll, TcpClientExtensions.MessageLoopAsync: NotifyDataAvailable remoteEndPoint: 127.0.0.1:62208 localEndPoint: 127.0.0.1:62207
TpTrace Verbose: 0 : 15128, 14, 2022/01/29, 12:57:30.001, 4370202218904, vstest.console.dll, TestRequestSender.OnExecutionMessageReceived: Received message: {"Version":5,"MessageType":"TestExecution.Completed","Payload":{"TestRunCompleteArgs":{"TestRunStatistics":{"ExecutedTests":2,"Stats":{"Passed":2}},"IsCanceled":false,"IsAborted":false,"Error":null,"AttachmentSets":[],"ElapsedTimeInRunningTests":"00:00:00.1280375","Metrics":{}},"LastRunTests":{"NewTestResults":[{"TestCase":{"Id":"0ec2acd7-3009-402d-1f6e-21c57d0298f7","FullyQualifiedName":"MarsRobot.Tests.RobotTest.TestBounds","DisplayName":"TestBounds","ExecutorUri":"executor://MSTestAdapter/v2","Source":"D:\\development\\personal\\MarsRobot\\MarsRobot.Tests\\bin\\Debug\\net6.0\\fine-code-coverage\\build-output\\MarsRobot.Tests.dll","CodeFilePath":null,"LineNumber":-1,"Properties":[{"Key":{"Id":"TestCase.ManagedType","Label":"ManagedType","Category":"","Description":"","Attributes":1,"ValueType":"System.String"},"Value":"MarsRobot.Tests.RobotTest"},{"Key":{"Id":"TestCase.ManagedMethod","Label":"ManagedMethod","Category":"","Description":"","Attributes":1,"ValueType":"System.String"},"Value":"TestBounds"},{"Key":{"Id":"MSTestDiscoverer.TestClassName","Label":"ClassName","Category":"","Description":"","Attributes":1,"ValueType":"System.String"},"Value":"MarsRobot.Tests.RobotTest"},{"Key":{"Id":"TestCase.Hierarchy","Label":"Hierarchy","Category":"","Description":"","Attributes":2,"ValueType":"System.String[]"},"Value":["MarsRobot.Tests","RobotTest"]},{"Key":{"Id":"TestObject.Traits","Label":"Traits","Category":"","Description":"","Attributes":5,"ValueType":"System.Collections.Generic.KeyValuePair`2[[System.String],[System.String]][]"},"Value":[]}]},"Attachments":[],"Outcome":1,"ErrorMessage":null,"ErrorStackTrace":null,"DisplayName":"TestBounds","Messages":[],"ComputerName":null,"Duration":"00:00:00.0039576","StartTime":"2022-01-29T12:57:29.9449856-03:00","EndTime":"2022-01-29T12:57:29.9587697-03:00","Properties":[{"Key":{"Id":"ExecutionId","Label":"ExecutionId","Category":"","Description":"","Attributes":1,"ValueType":"System.Guid"},"Value":"00000000-0000-0000-0000-000000000000"},{"Key":{"Id":"ParentExecId","Label":"ParentExecId","Category":"","Description":"","Attributes":1,"ValueType":"System.Guid"},"Value":"00000000-0000-0000-0000-000000000000"},{"Key":{"Id":"InnerResultsCount","Label":"InnerResultsCount","Category":"","Description":"","Attributes":1,"ValueType":"System.Int32"},"Value":0}]},{"TestCase":{"Id":"5eb9ca4e-05de-07e8-0ffa-f4aa46912293","FullyQualifiedName":"MarsRobot.Tests.RobotTest.TestFinalPositions","DisplayName":"TestFinalPositions","ExecutorUri":"executor://MSTestAdapter/v2","Source":"D:\\development\\personal\\MarsRobot\\MarsRobot.Tests\\bin\\Debug\\net6.0\\fine-code-coverage\\build-output\\MarsRobot.Tests.dll","CodeFilePath":null,"LineNumber":-1,"Properties":[{"Key":{"Id":"TestCase.ManagedType","Label":"ManagedType","Category":"","Description":"","Attributes":1,"ValueType":"System.String"},"Value":"MarsRobot.Tests.RobotTest"},{"Key":{"Id":"TestCase.ManagedMethod","Label":"ManagedMethod","Category":"","Description":"","Attributes":1,"ValueType":"System.String"},"Value":"TestFinalPositions"},{"Key":{"Id":"MSTestDiscoverer.TestClassName","Label":"ClassName","Category":"","Description":"","Attributes":1,"ValueType":"System.String"},"Value":"MarsRobot.Tests.RobotTest"},{"Key":{"Id":"TestCase.Hierarchy","Label":"Hierarchy","Category":"","Description":"","Attributes":2,"ValueType":"System.String[]"},"Value":["MarsRobot.Tests","RobotTest"]},{"Key":{"Id":"TestObject.Traits","Label":"Traits","Category":"","Description":"","Attributes":5,"ValueType":"System.Collections.Generic.KeyValuePair`2[[System.String],[System.String]][]"},"Value":[]}]},"Attachments":[],"Outcome":1,"ErrorMessage":null,"ErrorStackTrace":null,"DisplayName":"TestFinalPositions","Messages":[],"ComputerName":null,"Duration":"00:00:00.0003387","StartTime":"2022-01-29T12:57:29.9737109-03:00","EndTime":"2022-01-29T12:57:29.9741975-03:00","Properties":[{"Key":{"Id":"ExecutionId","Label":"ExecutionId","Category":"","Description":"","Attributes":1,"ValueType":"System.Guid"},"Value":"00000000-0000-0000-0000-000000000000"},{"Key":{"Id":"ParentExecId","Label":"ParentExecId","Category":"","Description":"","Attributes":1,"ValueType":"System.Guid"},"Value":"00000000-0000-0000-0000-000000000000"},{"Key":{"Id":"InnerResultsCount","Label":"InnerResultsCount","Category":"","Description":"","Attributes":1,"ValueType":"System.Int32"},"Value":0}]}],"TestRunStatistics":{"ExecutedTests":2,"Stats":{"Passed":2}},"ActiveTests":[]},"RunAttachments":[],"ExecutorUris":["executor://mstestadapter/v2"]}}
TpTrace Verbose: 0 : 15128, 14, 2022/01/29, 12:57:30.004, 4370202241715, vstest.console.dll, TestRequestSender.EndSession: Sending end session.
TpTrace Verbose: 0 : 15128, 14, 2022/01/29, 12:57:30.004, 4370202243324, vstest.console.dll, ProxyOperationManager.Close: waiting for test host to exit for 100 ms
TpTrace Warning: 0 : 15128, 13, 2022/01/29, 12:57:30.018, 4370202385826, vstest.console.dll, TestHostManagerCallbacks.ErrorReceivedCallback Test host standard error line: 
TpTrace Verbose: 0 : 15128, 8, 2022/01/29, 12:57:30.021, 4370202417082, vstest.console.dll, TestHostProvider.ExitCallBack: Host exited starting callback.
TpTrace Information: 0 : 15128, 8, 2022/01/29, 12:57:30.022, 4370202421076, vstest.console.dll, TestHostManagerCallbacks.ExitCallBack: Testhost processId: 23336 exited with exitcode: 0 error: ''
TpTrace Verbose: 0 : 15128, 8, 2022/01/29, 12:57:30.022, 4370202421550, vstest.console.dll, DotnetTestHostManager.OnHostExited: invoking OnHostExited callback
TpTrace Verbose: 0 : 15128, 8, 2022/01/29, 12:57:30.022, 4370202421861, vstest.console.dll, CrossPlatEngine.TestHostManagerHostExited: calling on client process exit callback.
TpTrace Information: 0 : 15128, 8, 2022/01/29, 12:57:30.022, 4370202422268, vstest.console.dll, TestRequestSender.OnClientProcessExit: Test host process exited. Standard error: 
TpTrace Information: 0 : 15128, 8, 2022/01/29, 12:57:30.022, 4370202422532, vstest.console.dll, SocketServer.Stop: Stop server endPoint: 127.0.0.1:62207
TpTrace Warning: 0 : 15128, 14, 2022/01/29, 12:57:30.022, 4370202422452, vstest.console.dll, ProxyOperationManager: Timed out waiting for test host to exit. Will terminate process.
TpTrace Information: 0 : 15128, 8, 2022/01/29, 12:57:30.022, 4370202423446, vstest.console.dll, SocketServer.Stop: Cancellation requested. Stopping message loop.
TpTrace Verbose: 0 : 15128, 14, 2022/01/29, 12:57:30.022, 4370202429112, vstest.console.dll, ProxyDataCollectionManager.InvokeDataCollectionServiceAction: Starting.
TpTrace Information: 0 : 15128, 14, 2022/01/29, 12:57:30.023, 4370202429546, vstest.console.dll, ProxyDataCollectionManager.AfterTestRunEnd: Get attachment set for datacollector processId: 572 port: 62200
TpTrace Verbose: 0 : 15128, 14, 2022/01/29, 12:57:30.023, 4370202429939, vstest.console.dll, DataCollectionRequestSender.SendAfterTestRunStartAndGetResult : Send AfterTestRunEnd message with isCancelled: False
TpTrace Verbose: 0 : 15128, 14, 2022/01/29, 12:57:30.025, 4370202454714, vstest.console.dll, DataCollectionRequestSender.SendAfterTestRunStartAndGetResult : Received message: (DataCollection.AfterTestRunEndResult) -> {
  "AttachmentSets": [],
  "Metrics": {}
}
TpTrace Information: 0 : 15128, 14, 2022/01/29, 12:57:30.027, 4370202478622, vstest.console.dll, ProxyDataCollectionManager.InvokeDataCollectionServiceAction: Completed.
TpTrace Warning: 0 : 15128, 10, 2022/01/29, 12:57:30.028, 4370202480128, vstest.console.dll, DataCollectionLauncher.ErrorReceivedCallback datacollector standard error line: 
TpTrace Information: 0 : 15128, 8, 2022/01/29, 12:57:30.031, 4370202509671, vstest.console.dll, DataCollectionLauncher.ExitCallBack: Data collector exited with exitcode: 0 error: ''
TpTrace Verbose: 0 : 15128, 14, 2022/01/29, 12:57:30.079, 4370202990336, vstest.console.dll, TestRunRequest:SendTestRunStatsChange: Starting.
TpTrace Information: 0 : 15128, 14, 2022/01/29, 12:57:30.079, 4370202991949, vstest.console.dll, TestRunRequest:SendTestRunStatsChange: Completed.
TpTrace Verbose: 0 : 15128, 14, 2022/01/29, 12:57:30.079, 4370202993122, vstest.console.dll, ParallelProxyExecutionManager: HandlePartialRunComplete: Total completed clients = 1, Run complete = True, Run canceled: False.
TpTrace Verbose: 0 : 15128, 14, 2022/01/29, 12:57:30.091, 4370203115809, vstest.console.dll, TestRunRequest:TestRunComplete: Starting. IsAborted:False IsCanceled:False.
TpTrace Verbose: 0 : 15128, 14, 2022/01/29, 12:57:30.091, 4370203117099, vstest.console.dll, TestLoggerManager.HandleTestRunComplete: Ignoring as the object is disposed.
TpTrace Information: 0 : 15128, 14, 2022/01/29, 12:57:30.091, 4370203118642, vstest.console.dll, TestRunRequest:TestRunComplete: Completed.
TpTrace Verbose: 0 : 15128, 14, 2022/01/29, 12:57:30.091, 4370203118983, vstest.console.dll, TestRequestSender.SetOperationComplete: Setting operation complete.
TpTrace Verbose: 0 : 15128, 1, 2022/01/29, 12:57:30.091, 4370203119047, vstest.console.dll, TestRunRequest.Dispose: Starting.
TpTrace Information: 0 : 15128, 14, 2022/01/29, 12:57:30.092, 4370203119207, vstest.console.dll, SocketServer.Stop: Stop server endPoint: 127.0.0.1:62207
TpTrace Information: 0 : 15128, 1, 2022/01/29, 12:57:30.092, 4370203119974, vstest.console.dll, TestRunRequest.Dispose: Completed.
TpTrace Information: 0 : 15128, 14, 2022/01/29, 12:57:30.092, 4370203120817, vstest.console.dll, SocketServer.Stop: Cancellation requested. Stopping message loop.
TpTrace Information: 0 : 15128, 1, 2022/01/29, 12:57:30.092, 4370203121210, vstest.console.dll, TestRequestManager.RunTests: run tests completed.
TpTrace Information: 0 : 15128, 14, 2022/01/29, 12:57:30.092, 4370203121434, vstest.console.dll, SocketServer.PrivateStop: Stopping server endPoint: 127.0.0.1:62207 error: 
TpTrace Information: 0 : 15128, 1, 2022/01/29, 12:57:30.092, 4370203121808, vstest.console.dll, RunTestsArgumentProcessor:Execute: Test run is completed.
TpTrace Verbose: 0 : 15128, 1, 2022/01/29, 12:57:30.092, 4370203123360, vstest.console.dll, Executor.Execute: Exiting with exit code of 0
TpTrace Verbose: 0 : 15128, 14, 2022/01/29, 12:57:30.092, 4370203125786, vstest.console.dll, LengthPrefixCommunicationChannel.Dispose: Dispose reader and writer.
TpTrace Information: 0 : 15128, 14, 2022/01/29, 12:57:30.092, 4370203126374, vstest.console.dll, SocketServer.Stop: Raise disconnected event endPoint: 127.0.0.1:62207 error: 
TpTrace Verbose: 0 : 15128, 14, 2022/01/29, 12:57:30.092, 4370203126801, vstest.console.dll, TestRequestSender: OnTestRunAbort: Operation is already complete. Skip error message.
