<?xml version="1.0" encoding="utf-8"?>
<coverage line-rate="0.8490000000000001" branch-rate="0.6666" version="1.9" timestamp="1643471850" lines-covered="45" lines-valid="53" branches-covered="40" branches-valid="60">
  <sources>
    <source>D:\development\personal\MarsRobot\</source>
    <source>C:\</source>
  </sources>
  <packages>
    <package name="MarsRobot" line-rate="0.7666" branch-rate="0.9166" complexity="27">
      <classes>
        <class name="Program" filename="MarsRobot\Program.cs" line-rate="0" branch-rate="1" complexity="1">
          <methods>
            <method name="&lt;Main&gt;$" signature="(System.String[])" line-rate="0" branch-rate="1" complexity="1">
              <lines>
                <line number="5" hits="0" branch="False" />
                <line number="6" hits="0" branch="False" />
                <line number="9" hits="0" branch="False" />
                <line number="10" hits="0" branch="False" />
                <line number="12" hits="0" branch="False" />
                <line number="15" hits="0" branch="False" />
              </lines>
            </method>
          </methods>
          <lines>
            <line number="5" hits="0" branch="False" />
            <line number="6" hits="0" branch="False" />
            <line number="9" hits="0" branch="False" />
            <line number="10" hits="0" branch="False" />
            <line number="12" hits="0" branch="False" />
            <line number="15" hits="0" branch="False" />
          </lines>
        </class>
        <class name="MarsRobot.MathHelper" filename="MarsRobot\MathHelper.cs" line-rate="1" branch-rate="1" complexity="1">
          <methods>
            <method name="Mod" signature="(System.Int32,System.Int32)" line-rate="1" branch-rate="1" complexity="1">
              <lines>
                <line number="5" hits="21" branch="False" />
              </lines>
            </method>
          </methods>
          <lines>
            <line number="5" hits="21" branch="False" />
          </lines>
        </class>
        <class name="MarsRobot.Robot" filename="MarsRobot\Robot.cs" line-rate="0.9565" branch-rate="0.9166" complexity="25">
          <methods>
            <method name="MyPosition" signature="(System.Int32[],System.Char[])" line-rate="0.95" branch-rate="0.9166" complexity="24">
              <lines>
                <line number="16" hits="9" branch="False" />
                <line number="18" hits="151" branch="True" condition-coverage="100% (2/2)">
                  <conditions>
                    <condition number="268" type="jump" coverage="100%" />
                  </conditions>
                </line>
                <line number="19" hits="62" branch="False" />
                <line number="20" hits="62" branch="True" condition-coverage="100% (6/6)">
                  <conditions>
                    <condition number="27" type="jump" coverage="100%" />
                    <condition number="35" type="jump" coverage="100%" />
                    <condition number="43" type="jump" coverage="100%" />
                  </conditions>
                </line>
                <line number="24" hits="10" branch="False" />
                <line number="25" hits="10" branch="False" />
                <line number="27" hits="11" branch="False" />
                <line number="28" hits="11" branch="False" />
                <line number="31" hits="41" branch="True" condition-coverage="75% (3/4)">
                  <conditions>
                    <condition number="106" type="jump" coverage="100%" />
                    <condition number="115" type="jump" coverage="50%" />
                  </conditions>
                </line>
                <line number="33" hits="41" branch="True" condition-coverage="100% (4/4)">
                  <conditions>
                    <condition number="152" type="jump" coverage="100%" />
                    <condition number="161" type="jump" coverage="100%" />
                  </conditions>
                </line>
                <line number="35" hits="41" branch="True" condition-coverage="100% (4/4)">
                  <conditions>
                    <condition number="194" type="jump" coverage="100%" />
                    <condition number="213" type="jump" coverage="100%" />
                  </conditions>
                </line>
                <line number="36" hits="30" branch="False" />
                <line number="37" hits="41" branch="True" condition-coverage="75% (3/4)">
                  <conditions>
                    <condition number="226" type="jump" coverage="50%" />
                    <condition number="245" type="jump" coverage="100%" />
                  </conditions>
                </line>
                <line number="38" hits="39" branch="False" />
                <line number="39" hits="41" branch="False" />
                <line number="41" hits="0" branch="False" />
                <line number="43" hits="62" branch="False" />
                <line number="45" hits="9" branch="False" />
                <line number="47" hits="9" branch="False" />
                <line number="48" hits="9" branch="False" />
              </lines>
            </method>
            <method name=".ctor" signature="()" line-rate="1" branch-rate="1" complexity="1">
              <lines>
                <line number="5" hits="9" branch="False" />
                <line number="6" hits="9" branch="False" />
                <line number="7" hits="9" branch="False" />
              </lines>
            </method>
          </methods>
          <lines>
            <line number="16" hits="9" branch="False" />
            <line number="18" hits="151" branch="True" condition-coverage="100% (2/2)">
              <conditions>
                <condition number="268" type="jump" coverage="100%" />
              </conditions>
            </line>
            <line number="19" hits="62" branch="False" />
            <line number="20" hits="62" branch="True" condition-coverage="100% (6/6)">
              <conditions>
                <condition number="27" type="jump" coverage="100%" />
                <condition number="35" type="jump" coverage="100%" />
                <condition number="43" type="jump" coverage="100%" />
              </conditions>
            </line>
            <line number="24" hits="10" branch="False" />
            <line number="25" hits="10" branch="False" />
            <line number="27" hits="11" branch="False" />
            <line number="28" hits="11" branch="False" />
            <line number="31" hits="41" branch="True" condition-coverage="75% (3/4)">
              <conditions>
                <condition number="106" type="jump" coverage="100%" />
                <condition number="115" type="jump" coverage="50%" />
              </conditions>
            </line>
            <line number="33" hits="41" branch="True" condition-coverage="100% (4/4)">
              <conditions>
                <condition number="152" type="jump" coverage="100%" />
                <condition number="161" type="jump" coverage="100%" />
              </conditions>
            </line>
            <line number="35" hits="41" branch="True" condition-coverage="100% (4/4)">
              <conditions>
                <condition number="194" type="jump" coverage="100%" />
                <condition number="213" type="jump" coverage="100%" />
              </conditions>
            </line>
            <line number="36" hits="30" branch="False" />
            <line number="37" hits="41" branch="True" condition-coverage="75% (3/4)">
              <conditions>
                <condition number="226" type="jump" coverage="50%" />
                <condition number="245" type="jump" coverage="100%" />
              </conditions>
            </line>
            <line number="38" hits="39" branch="False" />
            <line number="39" hits="41" branch="False" />
            <line number="41" hits="0" branch="False" />
            <line number="43" hits="62" branch="False" />
            <line number="45" hits="9" branch="False" />
            <line number="47" hits="9" branch="False" />
            <line number="48" hits="9" branch="False" />
            <line number="5" hits="9" branch="False" />
            <line number="6" hits="9" branch="False" />
            <line number="7" hits="9" branch="False" />
          </lines>
        </class>
      </classes>
    </package>
    <package name="MarsRobot.Tests" line-rate="0.9565" branch-rate="0.5" complexity="37">
      <classes>
        <class name="AutoGeneratedProgram" filename="Users\alexa\.nuget\packages\microsoft.net.test.sdk\16.11.0\build\netcoreapp2.1\Microsoft.NET.Test.Sdk.Program.cs" line-rate="0" branch-rate="1" complexity="1">
          <methods>
            <method name="Main" signature="(System.String[])" line-rate="0" branch-rate="1" complexity="1">
              <lines>
                <line number="4" hits="0" branch="False" />
              </lines>
            </method>
          </methods>
          <lines>
            <line number="4" hits="0" branch="False" />
          </lines>
        </class>
        <class name="MarsRobot.Tests.RobotTest" filename="MarsRobot.Tests\RobotTest.cs" line-rate="1" branch-rate="0.5" complexity="36">
          <methods>
            <method name="TestBounds" signature="()" line-rate="1" branch-rate="0.5" complexity="12">
              <lines>
                <line number="10" hits="1" branch="False" />
                <line number="12" hits="1" branch="False" />
                <line number="14" hits="1" branch="False" />
                <line number="16" hits="1" branch="False" />
                <line number="18" hits="1" branch="True" condition-coverage="50% (2/4)">
                  <conditions>
                    <condition number="191" type="jump" coverage="50%" />
                    <condition number="195" type="jump" coverage="50%" />
                  </conditions>
                </line>
                <line number="19" hits="1" branch="True" condition-coverage="50% (2/4)">
                  <conditions>
                    <condition number="219" type="jump" coverage="50%" />
                    <condition number="224" type="jump" coverage="50%" />
                  </conditions>
                </line>
                <line number="20" hits="1" branch="True" condition-coverage="50% (2/4)">
                  <conditions>
                    <condition number="250" type="jump" coverage="50%" />
                    <condition number="255" type="jump" coverage="50%" />
                  </conditions>
                </line>
                <line number="21" hits="1" branch="False" />
              </lines>
            </method>
            <method name="TestFinalPositions" signature="()" line-rate="1" branch-rate="0.5" complexity="24">
              <lines>
                <line number="25" hits="1" branch="False" />
                <line number="26" hits="1" branch="False" />
                <line number="27" hits="1" branch="True" condition-coverage="50% (2/4)">
                  <conditions>
                    <condition number="57" type="jump" coverage="50%" />
                    <condition number="61" type="jump" coverage="50%" />
                  </conditions>
                </line>
                <line number="29" hits="1" branch="False" />
                <line number="30" hits="1" branch="True" condition-coverage="50% (2/4)">
                  <conditions>
                    <condition number="141" type="jump" coverage="50%" />
                    <condition number="146" type="jump" coverage="50%" />
                  </conditions>
                </line>
                <line number="32" hits="1" branch="False" />
                <line number="33" hits="1" branch="True" condition-coverage="50% (2/4)">
                  <conditions>
                    <condition number="229" type="jump" coverage="50%" />
                    <condition number="234" type="jump" coverage="50%" />
                  </conditions>
                </line>
                <line number="35" hits="1" branch="False" />
                <line number="36" hits="1" branch="True" condition-coverage="50% (2/4)">
                  <conditions>
                    <condition number="317" type="jump" coverage="50%" />
                    <condition number="322" type="jump" coverage="50%" />
                  </conditions>
                </line>
                <line number="38" hits="1" branch="False" />
                <line number="39" hits="1" branch="True" condition-coverage="50% (2/4)">
                  <conditions>
                    <condition number="405" type="jump" coverage="50%" />
                    <condition number="410" type="jump" coverage="50%" />
                  </conditions>
                </line>
                <line number="41" hits="1" branch="False" />
                <line number="42" hits="1" branch="True" condition-coverage="50% (2/4)">
                  <conditions>
                    <condition number="493" type="jump" coverage="50%" />
                    <condition number="498" type="jump" coverage="50%" />
                  </conditions>
                </line>
                <line number="43" hits="1" branch="False" />
              </lines>
            </method>
          </methods>
          <lines>
            <line number="10" hits="1" branch="False" />
            <line number="12" hits="1" branch="False" />
            <line number="14" hits="1" branch="False" />
            <line number="16" hits="1" branch="False" />
            <line number="18" hits="1" branch="True" condition-coverage="50% (2/4)">
              <conditions>
                <condition number="191" type="jump" coverage="50%" />
                <condition number="195" type="jump" coverage="50%" />
              </conditions>
            </line>
            <line number="19" hits="1" branch="True" condition-coverage="50% (2/4)">
              <conditions>
                <condition number="219" type="jump" coverage="50%" />
                <condition number="224" type="jump" coverage="50%" />
              </conditions>
            </line>
            <line number="20" hits="1" branch="True" condition-coverage="50% (2/4)">
              <conditions>
                <condition number="250" type="jump" coverage="50%" />
                <condition number="255" type="jump" coverage="50%" />
              </conditions>
            </line>
            <line number="21" hits="1" branch="False" />
            <line number="25" hits="1" branch="False" />
            <line number="26" hits="1" branch="False" />
            <line number="27" hits="1" branch="True" condition-coverage="50% (2/4)">
              <conditions>
                <condition number="57" type="jump" coverage="50%" />
                <condition number="61" type="jump" coverage="50%" />
              </conditions>
            </line>
            <line number="29" hits="1" branch="False" />
            <line number="30" hits="1" branch="True" condition-coverage="50% (2/4)">
              <conditions>
                <condition number="141" type="jump" coverage="50%" />
                <condition number="146" type="jump" coverage="50%" />
              </conditions>
            </line>
            <line number="32" hits="1" branch="False" />
            <line number="33" hits="1" branch="True" condition-coverage="50% (2/4)">
              <conditions>
                <condition number="229" type="jump" coverage="50%" />
                <condition number="234" type="jump" coverage="50%" />
              </conditions>
            </line>
            <line number="35" hits="1" branch="False" />
            <line number="36" hits="1" branch="True" condition-coverage="50% (2/4)">
              <conditions>
                <condition number="317" type="jump" coverage="50%" />
                <condition number="322" type="jump" coverage="50%" />
              </conditions>
            </line>
            <line number="38" hits="1" branch="False" />
            <line number="39" hits="1" branch="True" condition-coverage="50% (2/4)">
              <conditions>
                <condition number="405" type="jump" coverage="50%" />
                <condition number="410" type="jump" coverage="50%" />
              </conditions>
            </line>
            <line number="41" hits="1" branch="False" />
            <line number="42" hits="1" branch="True" condition-coverage="50% (2/4)">
              <conditions>
                <condition number="493" type="jump" coverage="50%" />
                <condition number="498" type="jump" coverage="50%" />
              </conditions>
            </line>
            <line number="43" hits="1" branch="False" />
          </lines>
        </class>
      </classes>
    </package>
  </packages>
</coverage>